<?xml version="1.0" encoding="UTF-8"?>
<coverage generated="1586507812400" clover="3.2.0">
  <project timestamp="1586507812400" name="All files">
    <metrics statements="17" coveredstatements="17" conditionals="6" coveredconditionals="6" methods="7" coveredmethods="7" elements="30" coveredelements="30" complexity="0" loc="17" ncloc="17" packages="1" files="1" classes="1"/>
    <file name="model.ts" path="C:\Users\outfl\Desktop\slider\src\ts\slider\model.ts">
      <metrics statements="17" coveredstatements="17" conditionals="6" coveredconditionals="6" methods="7" coveredmethods="7"/>
      <line num="1" count="1" type="stmt"/>
      <line num="3" count="6" type="stmt"/>
      <line num="8" count="6" type="stmt"/>
      <line num="15" count="1" type="stmt"/>
      <line num="16" count="1" type="stmt"/>
      <line num="19" count="1" type="stmt"/>
      <line num="20" count="1" type="stmt"/>
      <line num="23" count="1" type="stmt"/>
      <line num="24" count="2" type="cond" truecount="2" falsecount="0"/>
      <line num="25" count="1" type="stmt"/>
      <line num="28" count="1" type="stmt"/>
      <line num="29" count="2" type="cond" truecount="2" falsecount="0"/>
      <line num="30" count="1" type="stmt"/>
      <line num="33" count="1" type="stmt"/>
      <line num="34" count="2" type="cond" truecount="2" falsecount="0"/>
      <line num="35" count="1" type="stmt"/>
      <line num="37" count="1" type="stmt"/>
    </file>
  </project>
</coverage>
