{"C:\\Users\\outfl\\Desktop\\slider\\src\\ts\\slider\\EventEmitter\\EventEmitter.ts": {"path":"C:\\Users\\outfl\\Desktop\\slider\\src\\ts\\slider\\EventEmitter\\EventEmitter.ts","statementMap":{"0":{"start":{"line":1,"column":0},"end":{"line":1,"column":null}},"1":{"start":{"line":3,"column":4},"end":{"line":3,"column":21}},"2":{"start":{"line":8,"column":2},"end":{"line":11,"column":null}},"3":{"start":{"line":9,"column":4},"end":{"line":9,"column":74}},"4":{"start":{"line":9,"column":46},"end":{"line":9,"column":74}},"5":{"start":{"line":10,"column":4},"end":{"line":10,"column":42}},"6":{"start":{"line":13,"column":2},"end":{"line":18,"column":null}},"7":{"start":{"line":14,"column":18},"end":{"line":14,"column":40}},"8":{"start":{"line":15,"column":4},"end":{"line":17,"column":7}},"9":{"start":{"line":16,"column":6},"end":{"line":16,"column":21}},"10":{"start":{"line":19,"column":0},"end":{"line":19,"column":null}}},"fnMap":{"0":{"name":"(anonymous_0)","decl":{"start":{"line":1,"column":0},"end":{"line":1,"column":null}},"loc":{"start":{"line":1,"column":0},"end":{"line":19,"column":null}}},"1":{"name":"EventEmitter","decl":{"start":{"line":2,"column":2},"end":{"line":2,"column":null}},"loc":{"start":{"line":2,"column":2},"end":{"line":4,"column":3}}},"2":{"name":"(anonymous_2)","decl":{"start":{"line":8,"column":2},"end":{"line":8,"column":4}},"loc":{"start":{"line":8,"column":42},"end":{"line":11,"column":3}}},"3":{"name":"(anonymous_3)","decl":{"start":{"line":13,"column":2},"end":{"line":13,"column":6}},"loc":{"start":{"line":13,"column":34},"end":{"line":18,"column":3}}},"4":{"name":"(anonymous_4)","decl":{"start":{"line":15,"column":18},"end":{"line":15,"column":19}},"loc":{"start":{"line":15,"column":28},"end":{"line":17,"column":5}}}},"branchMap":{"0":{"loc":{"start":{"line":9,"column":4},"end":{"line":9,"column":74}},"type":"if","locations":[{"start":{"line":9,"column":4},"end":{"line":9,"column":74}},{"start":{"line":9,"column":4},"end":{"line":9,"column":74}}]}},"s":{"0":4,"1":41,"2":4,"3":74,"4":74,"5":74,"6":4,"7":13,"8":13,"9":13,"10":4},"f":{"0":4,"1":41,"2":74,"3":13,"4":13},"b":{"0":[74,0]}}
,"C:\\Users\\outfl\\Desktop\\slider\\src\\ts\\slider\\Model\\Model.ts": {"path":"C:\\Users\\outfl\\Desktop\\slider\\src\\ts\\slider\\Model\\Model.ts","statementMap":{"0":{"start":{"line":1,"column":0},"end":{"line":1,"column":null}},"1":{"start":{"line":9,"column":4},"end":{"line":13,"column":6}},"2":{"start":{"line":14,"column":4},"end":{"line":14,"column":21}},"3":{"start":{"line":15,"column":4},"end":{"line":15,"column":27}},"4":{"start":{"line":26,"column":2},"end":{"line":53,"column":null}},"5":{"start":{"line":27,"column":4},"end":{"line":52,"column":null}},"6":{"start":{"line":28,"column":6},"end":{"line":31,"column":8}},"7":{"start":{"line":32,"column":6},"end":{"line":32,"column":27}},"8":{"start":{"line":34,"column":16},"end":{"line":34,"column":27}},"9":{"start":{"line":35,"column":16},"end":{"line":35,"column":25}},"10":{"start":{"line":37,"column":6},"end":{"line":41,"column":null}},"11":{"start":{"line":38,"column":21},"end":{"line":38,"column":24}},"12":{"start":{"line":39,"column":8},"end":{"line":39,"column":18}},"13":{"start":{"line":40,"column":8},"end":{"line":40,"column":19}},"14":{"start":{"line":43,"column":6},"end":{"line":46,"column":8}},"15":{"start":{"line":48,"column":6},"end":{"line":51,"column":8}},"16":{"start":{"line":55,"column":2},"end":{"line":57,"column":null}},"17":{"start":{"line":56,"column":4},"end":{"line":56,"column":23}},"18":{"start":{"line":59,"column":2},"end":{"line":61,"column":null}},"19":{"start":{"line":60,"column":4},"end":{"line":60,"column":28}},"20":{"start":{"line":63,"column":2},"end":{"line":65,"column":null}},"21":{"start":{"line":64,"column":4},"end":{"line":64,"column":22}},"22":{"start":{"line":67,"column":2},"end":{"line":69,"column":null}},"23":{"start":{"line":68,"column":4},"end":{"line":68,"column":21}},"24":{"start":{"line":71,"column":2},"end":{"line":73,"column":null}},"25":{"start":{"line":72,"column":4},"end":{"line":72,"column":21}},"26":{"start":{"line":75,"column":2},"end":{"line":77,"column":null}},"27":{"start":{"line":76,"column":4},"end":{"line":76,"column":41}},"28":{"start":{"line":79,"column":2},"end":{"line":81,"column":null}},"29":{"start":{"line":80,"column":4},"end":{"line":80,"column":36}},"30":{"start":{"line":83,"column":2},"end":{"line":85,"column":null}},"31":{"start":{"line":84,"column":4},"end":{"line":84,"column":39}},"32":{"start":{"line":86,"column":0},"end":{"line":86,"column":null}}},"fnMap":{"0":{"name":"(anonymous_0)","decl":{"start":{"line":1,"column":0},"end":{"line":1,"column":null}},"loc":{"start":{"line":1,"column":0},"end":{"line":86,"column":null}}},"1":{"name":"Model","decl":{"start":{"line":2,"column":2},"end":{"line":2,"column":null}},"loc":{"start":{"line":7,"column":19},"end":{"line":16,"column":3}}},"2":{"name":"(anonymous_2)","decl":{"start":{"line":26,"column":2},"end":{"line":26,"column":11}},"loc":{"start":{"line":26,"column":27},"end":{"line":53,"column":3}}},"3":{"name":"(anonymous_3)","decl":{"start":{"line":55,"column":2},"end":{"line":55,"column":11}},"loc":{"start":{"line":55,"column":2},"end":{"line":57,"column":3}}},"4":{"name":"(anonymous_4)","decl":{"start":{"line":59,"column":2},"end":{"line":59,"column":16}},"loc":{"start":{"line":59,"column":2},"end":{"line":61,"column":3}}},"5":{"name":"(anonymous_5)","decl":{"start":{"line":63,"column":2},"end":{"line":63,"column":10}},"loc":{"start":{"line":63,"column":2},"end":{"line":65,"column":3}}},"6":{"name":"(anonymous_6)","decl":{"start":{"line":67,"column":2},"end":{"line":67,"column":9}},"loc":{"start":{"line":67,"column":22},"end":{"line":69,"column":3}}},"7":{"name":"(anonymous_7)","decl":{"start":{"line":71,"column":2},"end":{"line":71,"column":9}},"loc":{"start":{"line":71,"column":2},"end":{"line":73,"column":3}}},"8":{"name":"(anonymous_8)","decl":{"start":{"line":75,"column":2},"end":{"line":75,"column":21}},"loc":{"start":{"line":75,"column":56},"end":{"line":77,"column":3}}},"9":{"name":"(anonymous_9)","decl":{"start":{"line":79,"column":2},"end":{"line":79,"column":15}},"loc":{"start":{"line":79,"column":45},"end":{"line":81,"column":3}}},"10":{"name":"(anonymous_10)","decl":{"start":{"line":83,"column":2},"end":{"line":83,"column":19}},"loc":{"start":{"line":83,"column":52},"end":{"line":85,"column":3}}}},"branchMap":{"0":{"loc":{"start":{"line":27,"column":4},"end":{"line":52,"column":null}},"type":"if","locations":[{"start":{"line":27,"column":4},"end":{"line":52,"column":null}},{"start":{"line":27,"column":4},"end":{"line":52,"column":null}}]},"1":{"loc":{"start":{"line":37,"column":6},"end":{"line":41,"column":null}},"type":"if","locations":[{"start":{"line":37,"column":6},"end":{"line":41,"column":null}},{"start":{"line":37,"column":6},"end":{"line":41,"column":null}}]}},"s":{"0":2,"1":14,"2":14,"3":14,"4":2,"5":20,"6":4,"7":4,"8":16,"9":16,"10":16,"11":1,"12":1,"13":1,"14":16,"15":16,"16":2,"17":24,"18":2,"19":22,"20":2,"21":9,"22":2,"23":1,"24":2,"25":20,"26":2,"27":2,"28":2,"29":2,"30":2,"31":1,"32":2},"f":{"0":2,"1":14,"2":20,"3":24,"4":22,"5":9,"6":1,"7":20,"8":2,"9":2,"10":1},"b":{"0":[4,16],"1":[1,15]}}
,"C:\\Users\\outfl\\Desktop\\slider\\src\\ts\\slider\\Presenter\\Converter.ts": {"path":"C:\\Users\\outfl\\Desktop\\slider\\src\\ts\\slider\\Presenter\\Converter.ts","statementMap":{"0":{"start":{"line":1,"column":0},"end":{"line":1,"column":null}},"1":{"start":{"line":2,"column":2},"end":{"line":15,"column":null}},"2":{"start":{"line":8,"column":16},"end":{"line":8,"column":71}},"3":{"start":{"line":9,"column":4},"end":{"line":9,"column":48}},"4":{"start":{"line":11,"column":4},"end":{"line":11,"column":42}},"5":{"start":{"line":11,"column":24},"end":{"line":11,"column":42}},"6":{"start":{"line":12,"column":4},"end":{"line":12,"column":45}},"7":{"start":{"line":12,"column":27},"end":{"line":12,"column":45}},"8":{"start":{"line":14,"column":4},"end":{"line":14,"column":17}},"9":{"start":{"line":17,"column":2},"end":{"line":27,"column":null}},"10":{"start":{"line":22,"column":16},"end":{"line":22,"column":64}},"11":{"start":{"line":23,"column":4},"end":{"line":24,"column":51}},"12":{"start":{"line":23,"column":36},"end":{"line":23,"column":50}},"13":{"start":{"line":24,"column":9},"end":{"line":24,"column":51}},"14":{"start":{"line":24,"column":41},"end":{"line":24,"column":51}},"15":{"start":{"line":26,"column":4},"end":{"line":26,"column":17}},"16":{"start":{"line":29,"column":2},"end":{"line":31,"column":null}},"17":{"start":{"line":30,"column":4},"end":{"line":30,"column":43}},"18":{"start":{"line":32,"column":0},"end":{"line":32,"column":null}}},"fnMap":{"0":{"name":"(anonymous_0)","decl":{"start":{"line":1,"column":0},"end":{"line":1,"column":null}},"loc":{"start":{"line":1,"column":0},"end":{"line":32,"column":null}}},"1":{"name":"(anonymous_2)","decl":{"start":{"line":2,"column":2},"end":{"line":2,"column":14}},"loc":{"start":{"line":6,"column":23},"end":{"line":15,"column":3}}},"2":{"name":"(anonymous_3)","decl":{"start":{"line":17,"column":2},"end":{"line":17,"column":14}},"loc":{"start":{"line":20,"column":23},"end":{"line":27,"column":3}}},"3":{"name":"(anonymous_4)","decl":{"start":{"line":29,"column":2},"end":{"line":29,"column":19}},"loc":{"start":{"line":29,"column":47},"end":{"line":31,"column":3}}}},"branchMap":{"0":{"loc":{"start":{"line":11,"column":4},"end":{"line":11,"column":42}},"type":"if","locations":[{"start":{"line":11,"column":4},"end":{"line":11,"column":42}},{"start":{"line":11,"column":4},"end":{"line":11,"column":42}}]},"1":{"loc":{"start":{"line":12,"column":4},"end":{"line":12,"column":45}},"type":"if","locations":[{"start":{"line":12,"column":4},"end":{"line":12,"column":45}},{"start":{"line":12,"column":4},"end":{"line":12,"column":45}}]},"2":{"loc":{"start":{"line":23,"column":4},"end":{"line":24,"column":51}},"type":"if","locations":[{"start":{"line":23,"column":4},"end":{"line":24,"column":51}},{"start":{"line":23,"column":4},"end":{"line":24,"column":51}}]},"3":{"loc":{"start":{"line":24,"column":9},"end":{"line":24,"column":51}},"type":"if","locations":[{"start":{"line":24,"column":9},"end":{"line":24,"column":51}},{"start":{"line":24,"column":9},"end":{"line":24,"column":51}}]}},"s":{"0":2,"1":2,"2":16,"3":16,"4":16,"5":11,"6":16,"7":1,"8":16,"9":2,"10":8,"11":8,"12":2,"13":6,"14":3,"15":8,"16":2,"17":21,"18":2},"f":{"0":12,"1":16,"2":8,"3":21},"b":{"0":[11,5],"1":[1,15],"2":[2,6],"3":[3,3]}}
,"C:\\Users\\outfl\\Desktop\\slider\\src\\ts\\slider\\Presenter\\Presenter.ts": {"path":"C:\\Users\\outfl\\Desktop\\slider\\src\\ts\\slider\\Presenter\\Presenter.ts","statementMap":{"0":{"start":{"line":1,"column":0},"end":{"line":1,"column":56}},"1":{"start":{"line":2,"column":0},"end":{"line":2,"column":36}},"2":{"start":{"line":4,"column":0},"end":{"line":4,"column":null}},"3":{"start":{"line":4,"column":39},"end":{"line":4,"column":51}},"4":{"start":{"line":6,"column":4},"end":{"line":6,"column":null}},"5":{"start":{"line":7,"column":4},"end":{"line":7,"column":33}},"6":{"start":{"line":8,"column":4},"end":{"line":8,"column":23}},"7":{"start":{"line":9,"column":4},"end":{"line":9,"column":35}},"8":{"start":{"line":10,"column":4},"end":{"line":10,"column":37}},"9":{"start":{"line":12,"column":4},"end":{"line":12,"column":68}},"10":{"start":{"line":13,"column":4},"end":{"line":13,"column":79}},"11":{"start":{"line":14,"column":4},"end":{"line":14,"column":68}},"12":{"start":{"line":16,"column":4},"end":{"line":16,"column":71}},"13":{"start":{"line":17,"column":4},"end":{"line":17,"column":67}},"14":{"start":{"line":18,"column":4},"end":{"line":18,"column":81}},"15":{"start":{"line":19,"column":4},"end":{"line":19,"column":80}},"16":{"start":{"line":20,"column":4},"end":{"line":20,"column":80}},"17":{"start":{"line":31,"column":10},"end":{"line":44,"column":null}},"18":{"start":{"line":32,"column":19},"end":{"line":32,"column":41}},"19":{"start":{"line":33,"column":18},"end":{"line":33,"column":44}},"20":{"start":{"line":35,"column":4},"end":{"line":39,"column":null}},"21":{"start":{"line":36,"column":6},"end":{"line":36,"column":40}},"22":{"start":{"line":38,"column":6},"end":{"line":38,"column":24}},"23":{"start":{"line":40,"column":12},"end":{"line":40,"column":20}},"24":{"start":{"line":41,"column":4},"end":{"line":41,"column":54}},"25":{"start":{"line":42,"column":4},"end":{"line":42,"column":41}},"26":{"start":{"line":43,"column":4},"end":{"line":43,"column":41}},"27":{"start":{"line":46,"column":10},"end":{"line":68,"column":null}},"28":{"start":{"line":47,"column":26},"end":{"line":47,"column":54}},"29":{"start":{"line":48,"column":18},"end":{"line":48,"column":44}},"30":{"start":{"line":49,"column":18},"end":{"line":49,"column":60}},"31":{"start":{"line":50,"column":24},"end":{"line":50,"column":46}},"32":{"start":{"line":51,"column":29},"end":{"line":51,"column":56}},"33":{"start":{"line":52,"column":17},"end":{"line":52,"column":37}},"34":{"start":{"line":53,"column":27},"end":{"line":57,"column":null}},"35":{"start":{"line":61,"column":4},"end":{"line":62,"column":32}},"36":{"start":{"line":61,"column":38},"end":{"line":61,"column":74}},"37":{"start":{"line":62,"column":9},"end":{"line":62,"column":32}},"38":{"start":{"line":64,"column":22},"end":{"line":64,"column":81}},"39":{"start":{"line":65,"column":4},"end":{"line":65,"column":30}},"40":{"start":{"line":66,"column":4},"end":{"line":66,"column":30}},"41":{"start":{"line":67,"column":4},"end":{"line":67,"column":38}},"42":{"start":{"line":70,"column":10},"end":{"line":103,"column":null}},"43":{"start":{"line":71,"column":12},"end":{"line":71,"column":20}},"44":{"start":{"line":72,"column":17},"end":{"line":72,"column":37}},"45":{"start":{"line":73,"column":24},"end":{"line":73,"column":46}},"46":{"start":{"line":74,"column":29},"end":{"line":74,"column":56}},"47":{"start":{"line":75,"column":18},"end":{"line":75,"column":44}},"48":{"start":{"line":76,"column":33},"end":{"line":76,"column":58}},"49":{"start":{"line":77,"column":16},"end":{"line":77,"column":17}},"50":{"start":{"line":78,"column":4},"end":{"line":96,"column":null}},"51":{"start":{"line":79,"column":18},"end":{"line":79,"column":63}},"52":{"start":{"line":79,"column":49},"end":{"line":79,"column":63}},"53":{"start":{"line":80,"column":6},"end":{"line":86,"column":null}},"54":{"start":{"line":81,"column":8},"end":{"line":81,"column":18}},"55":{"start":{"line":82,"column":8},"end":{"line":82,"column":35}},"56":{"start":{"line":84,"column":8},"end":{"line":84,"column":62}},"57":{"start":{"line":85,"column":8},"end":{"line":85,"column":76}},"58":{"start":{"line":88,"column":6},"end":{"line":88,"column":34}},"59":{"start":{"line":89,"column":6},"end":{"line":90,"column":65}},"60":{"start":{"line":89,"column":31},"end":{"line":89,"column":60}},"61":{"start":{"line":90,"column":11},"end":{"line":90,"column":65}},"62":{"start":{"line":92,"column":6},"end":{"line":93,"column":74}},"63":{"start":{"line":92,"column":40},"end":{"line":92,"column":69}},"64":{"start":{"line":93,"column":11},"end":{"line":93,"column":74}},"65":{"start":{"line":93,"column":45},"end":{"line":93,"column":74}},"66":{"start":{"line":95,"column":6},"end":{"line":95,"column":74}},"67":{"start":{"line":98,"column":18},"end":{"line":98,"column":82}},"68":{"start":{"line":99,"column":4},"end":{"line":99,"column":26}},"69":{"start":{"line":100,"column":4},"end":{"line":100,"column":39}},"70":{"start":{"line":101,"column":4},"end":{"line":101,"column":35}},"71":{"start":{"line":102,"column":4},"end":{"line":102,"column":38}},"72":{"start":{"line":105,"column":2},"end":{"line":109,"column":null}},"73":{"start":{"line":106,"column":18},"end":{"line":106,"column":39}},"74":{"start":{"line":107,"column":4},"end":{"line":107,"column":34}},"75":{"start":{"line":108,"column":4},"end":{"line":108,"column":33}},"76":{"start":{"line":111,"column":2},"end":{"line":117,"column":null}},"77":{"start":{"line":112,"column":12},"end":{"line":112,"column":23}},"78":{"start":{"line":113,"column":31},"end":{"line":113,"column":87}},"79":{"start":{"line":115,"column":4},"end":{"line":115,"column":55}},"80":{"start":{"line":116,"column":4},"end":{"line":116,"column":55}},"81":{"start":{"line":119,"column":2},"end":{"line":125,"column":null}},"82":{"start":{"line":120,"column":12},"end":{"line":120,"column":23}},"83":{"start":{"line":121,"column":29},"end":{"line":121,"column":41}},"84":{"start":{"line":123,"column":4},"end":{"line":123,"column":51}},"85":{"start":{"line":124,"column":4},"end":{"line":124,"column":51}},"86":{"start":{"line":127,"column":2},"end":{"line":133,"column":null}},"87":{"start":{"line":128,"column":12},"end":{"line":128,"column":19}},"88":{"start":{"line":129,"column":25},"end":{"line":129,"column":33}},"89":{"start":{"line":131,"column":4},"end":{"line":131,"column":43}},"90":{"start":{"line":132,"column":4},"end":{"line":132,"column":43}},"91":{"start":{"line":135,"column":2},"end":{"line":154,"column":null}},"92":{"start":{"line":136,"column":4},"end":{"line":136,"column":56}},"93":{"start":{"line":136,"column":27},"end":{"line":136,"column":56}},"94":{"start":{"line":137,"column":4},"end":{"line":152,"column":null}},"95":{"start":{"line":138,"column":27},"end":{"line":138,"column":65}},"96":{"start":{"line":138,"column":47},"end":{"line":138,"column":65}},"97":{"start":{"line":139,"column":6},"end":{"line":151,"column":null}},"98":{"start":{"line":139,"column":38},"end":{"line":139,"column":57}},"99":{"start":{"line":140,"column":8},"end":{"line":150,"column":null}},"100":{"start":{"line":141,"column":10},"end":{"line":144,"column":13}},"101":{"start":{"line":146,"column":10},"end":{"line":149,"column":13}},"102":{"start":{"line":153,"column":4},"end":{"line":153,"column":33}},"103":{"start":{"line":156,"column":2},"end":{"line":161,"column":null}},"104":{"start":{"line":157,"column":15},"end":{"line":157,"column":39}},"105":{"start":{"line":158,"column":4},"end":{"line":158,"column":37}},"106":{"start":{"line":158,"column":28},"end":{"line":158,"column":37}},"107":{"start":{"line":159,"column":4},"end":{"line":159,"column":29}},"108":{"start":{"line":160,"column":4},"end":{"line":160,"column":33}},"109":{"start":{"line":162,"column":0},"end":{"line":162,"column":null}}},"fnMap":{"0":{"name":"(anonymous_7)","decl":{"start":{"line":4,"column":0},"end":{"line":4,"column":39}},"loc":{"start":{"line":4,"column":0},"end":{"line":162,"column":null}}},"1":{"name":"Presenter","decl":{"start":{"line":5,"column":2},"end":{"line":5,"column":14}},"loc":{"start":{"line":5,"column":83},"end":{"line":21,"column":3}}},"2":{"name":"(anonymous_9)","decl":{"start":{"line":31,"column":2},"end":{"line":31,"column":10}},"loc":{"start":{"line":31,"column":53},"end":{"line":44,"column":3}}},"3":{"name":"(anonymous_10)","decl":{"start":{"line":46,"column":2},"end":{"line":46,"column":10}},"loc":{"start":{"line":46,"column":43},"end":{"line":68,"column":3}}},"4":{"name":"(anonymous_11)","decl":{"start":{"line":70,"column":2},"end":{"line":70,"column":10}},"loc":{"start":{"line":70,"column":58},"end":{"line":103,"column":3}}},"5":{"name":"(anonymous_12)","decl":{"start":{"line":79,"column":40},"end":{"line":79,"column":41}},"loc":{"start":{"line":79,"column":44},"end":{"line":79,"column":52}}},"6":{"name":"(anonymous_13)","decl":{"start":{"line":105,"column":2},"end":{"line":105,"column":11}},"loc":{"start":{"line":105,"column":2},"end":{"line":109,"column":3}}},"7":{"name":"(anonymous_14)","decl":{"start":{"line":111,"column":2},"end":{"line":111,"column":19}},"loc":{"start":{"line":111,"column":2},"end":{"line":117,"column":3}}},"8":{"name":"(anonymous_15)","decl":{"start":{"line":119,"column":2},"end":{"line":119,"column":18}},"loc":{"start":{"line":119,"column":2},"end":{"line":125,"column":3}}},"9":{"name":"(anonymous_16)","decl":{"start":{"line":127,"column":2},"end":{"line":127,"column":18}},"loc":{"start":{"line":127,"column":2},"end":{"line":133,"column":3}}},"10":{"name":"(anonymous_17)","decl":{"start":{"line":135,"column":2},"end":{"line":135,"column":14}},"loc":{"start":{"line":135,"column":31},"end":{"line":154,"column":3}}},"11":{"name":"(anonymous_18)","decl":{"start":{"line":138,"column":38},"end":{"line":138,"column":39}},"loc":{"start":{"line":138,"column":42},"end":{"line":138,"column":55}}},"12":{"name":"(anonymous_19)","decl":{"start":{"line":139,"column":29},"end":{"line":139,"column":30}},"loc":{"start":{"line":139,"column":33},"end":{"line":139,"column":39}}},"13":{"name":"(anonymous_20)","decl":{"start":{"line":156,"column":2},"end":{"line":156,"column":12}},"loc":{"start":{"line":156,"column":31},"end":{"line":161,"column":3}}}},"branchMap":{"0":{"loc":{"start":{"line":6,"column":4},"end":{"line":6,"column":11}},"type":"binary-expr","locations":[{"start":{"line":6,"column":4},"end":{"line":6,"column":11}},{"start":{"line":6,"column":11},"end":{"line":6,"column":null}}]},"1":{"loc":{"start":{"line":35,"column":4},"end":{"line":39,"column":null}},"type":"if","locations":[{"start":{"line":35,"column":4},"end":{"line":39,"column":null}},{"start":{"line":35,"column":4},"end":{"line":39,"column":null}}]},"2":{"loc":{"start":{"line":61,"column":4},"end":{"line":62,"column":32}},"type":"if","locations":[{"start":{"line":61,"column":4},"end":{"line":62,"column":32}},{"start":{"line":61,"column":4},"end":{"line":62,"column":32}}]},"3":{"loc":{"start":{"line":78,"column":4},"end":{"line":96,"column":null}},"type":"if","locations":[{"start":{"line":78,"column":4},"end":{"line":96,"column":null}},{"start":{"line":78,"column":4},"end":{"line":96,"column":null}}]},"4":{"loc":{"start":{"line":80,"column":6},"end":{"line":86,"column":null}},"type":"if","locations":[{"start":{"line":80,"column":6},"end":{"line":86,"column":null}},{"start":{"line":80,"column":6},"end":{"line":86,"column":null}}]},"5":{"loc":{"start":{"line":89,"column":6},"end":{"line":90,"column":65}},"type":"if","locations":[{"start":{"line":89,"column":6},"end":{"line":90,"column":65}},{"start":{"line":89,"column":6},"end":{"line":90,"column":65}}]},"6":{"loc":{"start":{"line":92,"column":6},"end":{"line":93,"column":74}},"type":"if","locations":[{"start":{"line":92,"column":6},"end":{"line":93,"column":74}},{"start":{"line":92,"column":6},"end":{"line":93,"column":74}}]},"7":{"loc":{"start":{"line":93,"column":11},"end":{"line":93,"column":74}},"type":"if","locations":[{"start":{"line":93,"column":11},"end":{"line":93,"column":74}},{"start":{"line":93,"column":11},"end":{"line":93,"column":74}}]},"8":{"loc":{"start":{"line":113,"column":62},"end":{"line":113,"column":72}},"type":"cond-expr","locations":[{"start":{"line":113,"column":62},"end":{"line":113,"column":72}},{"start":{"line":113,"column":75},"end":{"line":113,"column":87}}]},"9":{"loc":{"start":{"line":136,"column":4},"end":{"line":136,"column":56}},"type":"if","locations":[{"start":{"line":136,"column":4},"end":{"line":136,"column":56}},{"start":{"line":136,"column":4},"end":{"line":136,"column":56}}]},"10":{"loc":{"start":{"line":137,"column":4},"end":{"line":152,"column":null}},"type":"if","locations":[{"start":{"line":137,"column":4},"end":{"line":152,"column":null}},{"start":{"line":137,"column":4},"end":{"line":152,"column":null}}]},"11":{"loc":{"start":{"line":139,"column":6},"end":{"line":151,"column":null}},"type":"if","locations":[{"start":{"line":139,"column":6},"end":{"line":151,"column":null}},{"start":{"line":139,"column":6},"end":{"line":151,"column":null}}]},"12":{"loc":{"start":{"line":140,"column":8},"end":{"line":150,"column":null}},"type":"if","locations":[{"start":{"line":140,"column":8},"end":{"line":150,"column":null}},{"start":{"line":140,"column":8},"end":{"line":150,"column":null}}]},"13":{"loc":{"start":{"line":158,"column":4},"end":{"line":158,"column":37}},"type":"if","locations":[{"start":{"line":158,"column":4},"end":{"line":158,"column":37}},{"start":{"line":158,"column":4},"end":{"line":158,"column":37}}]}},"s":{"0":1,"1":1,"2":1,"3":1,"4":9,"5":9,"6":9,"7":9,"8":9,"9":9,"10":9,"11":9,"12":9,"13":9,"14":9,"15":9,"16":9,"17":1,"18":2,"19":2,"20":2,"21":1,"22":1,"23":2,"24":2,"25":2,"26":2,"27":1,"28":13,"29":13,"30":13,"31":13,"32":13,"33":13,"34":13,"35":13,"36":4,"37":9,"38":13,"39":13,"40":13,"41":13,"42":1,"43":6,"44":6,"45":6,"46":6,"47":6,"48":6,"49":6,"50":6,"51":2,"52":5,"53":2,"54":1,"55":1,"56":1,"57":1,"58":4,"59":4,"60":1,"61":3,"62":4,"63":1,"64":3,"65":1,"66":4,"67":6,"68":6,"69":6,"70":6,"71":6,"72":1,"73":1,"74":1,"75":1,"76":1,"77":1,"78":1,"79":1,"80":1,"81":1,"82":1,"83":1,"84":1,"85":1,"86":1,"87":2,"88":2,"89":2,"90":2,"91":1,"92":4,"93":2,"94":4,"95":2,"96":3,"97":2,"98":3,"99":2,"100":1,"101":1,"102":4,"103":1,"104":2,"105":2,"106":1,"107":2,"108":2,"109":1},"f":{"0":1,"1":9,"2":2,"3":13,"4":6,"5":5,"6":1,"7":1,"8":1,"9":2,"10":4,"11":3,"12":3,"13":2},"b":{"0":[9,9],"1":[1,1],"2":[4,9],"3":[2,4],"4":[1,1],"5":[1,3],"6":[1,3],"7":[1,2],"8":[1,0],"9":[2,2],"10":[2,2],"11":[2,0],"12":[1,1],"13":[1,1]}}
,"C:\\Users\\outfl\\Desktop\\slider\\src\\ts\\slider\\View\\ConfigPanelView.ts": {"path":"C:\\Users\\outfl\\Desktop\\slider\\src\\ts\\slider\\View\\ConfigPanelView.ts","statementMap":{"0":{"start":{"line":1,"column":0},"end":{"line":1,"column":56}},"1":{"start":{"line":3,"column":0},"end":{"line":3,"column":null}},"2":{"start":{"line":3,"column":45},"end":{"line":3,"column":57}},"3":{"start":{"line":5,"column":4},"end":{"line":5,"column":null}},"4":{"start":{"line":6,"column":4},"end":{"line":11,"column":35}},"5":{"start":{"line":12,"column":4},"end":{"line":12,"column":34}},"6":{"start":{"line":13,"column":4},"end":{"line":13,"column":35}},"7":{"start":{"line":18,"column":2},"end":{"line":52,"column":null}},"8":{"start":{"line":19,"column":17},"end":{"line":19,"column":21}},"9":{"start":{"line":20,"column":20},"end":{"line":20,"column":67}},"10":{"start":{"line":21,"column":19},"end":{"line":21,"column":65}},"11":{"start":{"line":22,"column":19},"end":{"line":22,"column":27}},"12":{"start":{"line":24,"column":28},"end":{"line":27,"column":5}},"13":{"start":{"line":25,"column":20},"end":{"line":25,"column":41}},"14":{"start":{"line":26,"column":6},"end":{"line":26,"column":43}},"15":{"start":{"line":29,"column":26},"end":{"line":32,"column":5}},"16":{"start":{"line":30,"column":35},"end":{"line":30,"column":75}},"17":{"start":{"line":31,"column":6},"end":{"line":31,"column":51}},"18":{"start":{"line":34,"column":26},"end":{"line":48,"column":5}},"19":{"start":{"line":35,"column":20},"end":{"line":35,"column":34}},"20":{"start":{"line":36,"column":14},"end":{"line":36,"column":19}},"21":{"start":{"line":37,"column":27},"end":{"line":37,"column":68}},"22":{"start":{"line":39,"column":6},"end":{"line":47,"column":null}},"23":{"start":{"line":40,"column":19},"end":{"line":40,"column":38}},"24":{"start":{"line":41,"column":8},"end":{"line":41,"column":53}},"25":{"start":{"line":41,"column":44},"end":{"line":41,"column":53}},"26":{"start":{"line":42,"column":8},"end":{"line":42,"column":53}},"27":{"start":{"line":43,"column":13},"end":{"line":47,"column":null}},"28":{"start":{"line":44,"column":23},"end":{"line":44,"column":42}},"29":{"start":{"line":45,"column":23},"end":{"line":45,"column":42}},"30":{"start":{"line":46,"column":8},"end":{"line":46,"column":55}},"31":{"start":{"line":50,"column":4},"end":{"line":50,"column":44}},"32":{"start":{"line":51,"column":4},"end":{"line":51,"column":44}},"33":{"start":{"line":53,"column":0},"end":{"line":53,"column":null}}},"fnMap":{"0":{"name":"(anonymous_7)","decl":{"start":{"line":3,"column":0},"end":{"line":3,"column":45}},"loc":{"start":{"line":3,"column":0},"end":{"line":53,"column":null}}},"1":{"name":"ConfigPanelView","decl":{"start":{"line":4,"column":2},"end":{"line":4,"column":14}},"loc":{"start":{"line":4,"column":26},"end":{"line":14,"column":3}}},"2":{"name":"(anonymous_9)","decl":{"start":{"line":18,"column":2},"end":{"line":18,"column":24}},"loc":{"start":{"line":18,"column":2},"end":{"line":52,"column":3}}},"3":{"name":"getCallbackTypeFromClassList","decl":{"start":{"line":24,"column":37},"end":{"line":24,"column":65}},"loc":{"start":{"line":24,"column":89},"end":{"line":27,"column":5}}},"4":{"name":"onButtonClickHandler","decl":{"start":{"line":29,"column":35},"end":{"line":29,"column":55}},"loc":{"start":{"line":29,"column":81},"end":{"line":32,"column":5}}},"5":{"name":"onInputChangeHandler","decl":{"start":{"line":34,"column":35},"end":{"line":34,"column":55}},"loc":{"start":{"line":34,"column":83},"end":{"line":48,"column":5}}}},"branchMap":{"0":{"loc":{"start":{"line":5,"column":4},"end":{"line":5,"column":11}},"type":"binary-expr","locations":[{"start":{"line":5,"column":4},"end":{"line":5,"column":11}},{"start":{"line":5,"column":11},"end":{"line":5,"column":null}}]},"1":{"loc":{"start":{"line":39,"column":6},"end":{"line":47,"column":null}},"type":"if","locations":[{"start":{"line":39,"column":6},"end":{"line":47,"column":null}},{"start":{"line":39,"column":6},"end":{"line":47,"column":null}}]},"2":{"loc":{"start":{"line":41,"column":8},"end":{"line":41,"column":53}},"type":"if","locations":[{"start":{"line":41,"column":8},"end":{"line":41,"column":53}},{"start":{"line":41,"column":8},"end":{"line":41,"column":53}}]},"3":{"loc":{"start":{"line":41,"column":12},"end":{"line":41,"column":30}},"type":"binary-expr","locations":[{"start":{"line":41,"column":12},"end":{"line":41,"column":30}},{"start":{"line":41,"column":34},"end":{"line":41,"column":42}}]},"4":{"loc":{"start":{"line":43,"column":13},"end":{"line":47,"column":null}},"type":"if","locations":[{"start":{"line":43,"column":13},"end":{"line":47,"column":null}},{"start":{"line":43,"column":13},"end":{"line":47,"column":null}}]}},"s":{"0":2,"1":2,"2":2,"3":10,"4":10,"5":10,"6":10,"7":2,"8":11,"9":11,"10":11,"11":11,"12":11,"13":12,"14":12,"15":11,"16":6,"17":6,"18":11,"19":6,"20":6,"21":6,"22":6,"23":4,"24":4,"25":2,"26":4,"27":2,"28":2,"29":2,"30":2,"31":11,"32":11,"33":2},"f":{"0":2,"1":10,"2":11,"3":12,"4":6,"5":6},"b":{"0":[10,10],"1":[4,2],"2":[2,2],"3":[4,2],"4":[2,0]}}
,"C:\\Users\\outfl\\Desktop\\slider\\src\\ts\\slider\\View\\RangeLineView.ts": {"path":"C:\\Users\\outfl\\Desktop\\slider\\src\\ts\\slider\\View\\RangeLineView.ts","statementMap":{"0":{"start":{"line":1,"column":0},"end":{"line":1,"column":null}},"1":{"start":{"line":3,"column":4},"end":{"line":3,"column":66}},"2":{"start":{"line":4,"column":4},"end":{"line":4,"column":28}},"3":{"start":{"line":5,"column":4},"end":{"line":5,"column":24}},"4":{"start":{"line":12,"column":2},"end":{"line":14,"column":null}},"5":{"start":{"line":13,"column":4},"end":{"line":13,"column":41}},"6":{"start":{"line":16,"column":2},"end":{"line":18,"column":null}},"7":{"start":{"line":17,"column":4},"end":{"line":17,"column":29}},"8":{"start":{"line":20,"column":2},"end":{"line":23,"column":null}},"9":{"start":{"line":21,"column":20},"end":{"line":21,"column":63}},"10":{"start":{"line":22,"column":4},"end":{"line":22,"column":19}},"11":{"start":{"line":25,"column":2},"end":{"line":34,"column":null}},"12":{"start":{"line":29,"column":18},"end":{"line":29,"column":50}},"13":{"start":{"line":30,"column":4},"end":{"line":33,"column":7}},"14":{"start":{"line":36,"column":2},"end":{"line":48,"column":null}},"15":{"start":{"line":42,"column":27},"end":{"line":42,"column":46}},"16":{"start":{"line":44,"column":4},"end":{"line":47,"column":7}},"17":{"start":{"line":49,"column":0},"end":{"line":49,"column":null}}},"fnMap":{"0":{"name":"(anonymous_0)","decl":{"start":{"line":1,"column":0},"end":{"line":1,"column":null}},"loc":{"start":{"line":1,"column":0},"end":{"line":49,"column":null}}},"1":{"name":"RangeLineView","decl":{"start":{"line":2,"column":2},"end":{"line":2,"column":14}},"loc":{"start":{"line":2,"column":32},"end":{"line":6,"column":3}}},"2":{"name":"(anonymous_2)","decl":{"start":{"line":12,"column":2},"end":{"line":12,"column":14}},"loc":{"start":{"line":12,"column":2},"end":{"line":14,"column":3}}},"3":{"name":"(anonymous_3)","decl":{"start":{"line":16,"column":2},"end":{"line":16,"column":15}},"loc":{"start":{"line":16,"column":2},"end":{"line":18,"column":3}}},"4":{"name":"(anonymous_4)","decl":{"start":{"line":20,"column":2},"end":{"line":20,"column":9}},"loc":{"start":{"line":20,"column":2},"end":{"line":23,"column":3}}},"5":{"name":"(anonymous_5)","decl":{"start":{"line":25,"column":2},"end":{"line":25,"column":16}},"loc":{"start":{"line":27,"column":38},"end":{"line":34,"column":3}}},"6":{"name":"(anonymous_6)","decl":{"start":{"line":36,"column":2},"end":{"line":36,"column":28}},"loc":{"start":{"line":40,"column":40},"end":{"line":48,"column":3}}}},"branchMap":{"0":{"loc":{"start":{"line":29,"column":18},"end":{"line":29,"column":45}},"type":"binary-expr","locations":[{"start":{"line":29,"column":18},"end":{"line":29,"column":45}},{"start":{"line":29,"column":49},"end":{"line":29,"column":50}}]}},"s":{"0":3,"1":24,"2":24,"3":24,"4":3,"5":25,"6":3,"7":2,"8":3,"9":30,"10":30,"11":3,"12":13,"13":13,"14":3,"15":33,"16":33,"17":3},"f":{"0":3,"1":24,"2":25,"3":2,"4":30,"5":13,"6":33},"b":{"0":[13,12]}}
,"C:\\Users\\outfl\\Desktop\\slider\\src\\ts\\slider\\View\\SliderView.ts": {"path":"C:\\Users\\outfl\\Desktop\\slider\\src\\ts\\slider\\View\\SliderView.ts","statementMap":{"0":{"start":{"line":1,"column":0},"end":{"line":1,"column":44}},"1":{"start":{"line":2,"column":0},"end":{"line":2,"column":36}},"2":{"start":{"line":3,"column":0},"end":{"line":3,"column":56}},"3":{"start":{"line":4,"column":0},"end":{"line":4,"column":46}},"4":{"start":{"line":6,"column":0},"end":{"line":6,"column":null}},"5":{"start":{"line":6,"column":40},"end":{"line":6,"column":52}},"6":{"start":{"line":8,"column":4},"end":{"line":8,"column":null}},"7":{"start":{"line":9,"column":4},"end":{"line":9,"column":22}},"8":{"start":{"line":10,"column":4},"end":{"line":10,"column":117}},"9":{"start":{"line":11,"column":4},"end":{"line":11,"column":58}},"10":{"start":{"line":12,"column":4},"end":{"line":12,"column":57}},"11":{"start":{"line":13,"column":4},"end":{"line":13,"column":61}},"12":{"start":{"line":14,"column":4},"end":{"line":14,"column":57}},"13":{"start":{"line":15,"column":4},"end":{"line":15,"column":91}},"14":{"start":{"line":16,"column":4},"end":{"line":16,"column":87}},"15":{"start":{"line":35,"column":10},"end":{"line":59,"column":null}},"16":{"start":{"line":36,"column":4},"end":{"line":36,"column":54}},"17":{"start":{"line":36,"column":47},"end":{"line":36,"column":54}},"18":{"start":{"line":37,"column":18},"end":{"line":37,"column":33}},"19":{"start":{"line":38,"column":12},"end":{"line":38,"column":20}},"20":{"start":{"line":39,"column":23},"end":{"line":39,"column":66}},"21":{"start":{"line":40,"column":17},"end":{"line":40,"column":35}},"22":{"start":{"line":42,"column":4},"end":{"line":43,"column":36}},"23":{"start":{"line":42,"column":24},"end":{"line":42,"column":39}},"24":{"start":{"line":43,"column":9},"end":{"line":43,"column":36}},"25":{"start":{"line":43,"column":25},"end":{"line":43,"column":36}},"26":{"start":{"line":45,"column":23},"end":{"line":45,"column":37}},"27":{"start":{"line":46,"column":4},"end":{"line":54,"column":null}},"28":{"start":{"line":47,"column":26},"end":{"line":47,"column":56}},"29":{"start":{"line":48,"column":27},"end":{"line":49,"column":49}},"30":{"start":{"line":49,"column":24},"end":{"line":49,"column":49}},"31":{"start":{"line":50,"column":24},"end":{"line":50,"column":77}},"32":{"start":{"line":50,"column":52},"end":{"line":50,"column":77}},"33":{"start":{"line":51,"column":6},"end":{"line":53,"column":8}},"34":{"start":{"line":52,"column":42},"end":{"line":52,"column":78}},"35":{"start":{"line":56,"column":4},"end":{"line":56,"column":47}},"36":{"start":{"line":58,"column":4},"end":{"line":58,"column":44}},"37":{"start":{"line":61,"column":2},"end":{"line":87,"column":null}},"38":{"start":{"line":61,"column":2},"end":{"line":61,"column":8}},"39":{"start":{"line":62,"column":4},"end":{"line":62,"column":38}},"40":{"start":{"line":63,"column":4},"end":{"line":63,"column":62}},"41":{"start":{"line":64,"column":4},"end":{"line":64,"column":43}},"42":{"start":{"line":65,"column":4},"end":{"line":65,"column":33}},"43":{"start":{"line":66,"column":4},"end":{"line":66,"column":41}},"44":{"start":{"line":67,"column":4},"end":{"line":67,"column":28}},"45":{"start":{"line":69,"column":24},"end":{"line":69,"column":54}},"46":{"start":{"line":70,"column":24},"end":{"line":70,"column":64}},"47":{"start":{"line":72,"column":4},"end":{"line":79,"column":7}},"48":{"start":{"line":73,"column":6},"end":{"line":78,"column":8}},"49":{"start":{"line":81,"column":4},"end":{"line":86,"column":7}},"50":{"start":{"line":82,"column":6},"end":{"line":85,"column":8}},"51":{"start":{"line":89,"column":2},"end":{"line":94,"column":null}},"52":{"start":{"line":89,"column":2},"end":{"line":89,"column":12}},"53":{"start":{"line":90,"column":24},"end":{"line":90,"column":54}},"54":{"start":{"line":91,"column":4},"end":{"line":93,"column":7}},"55":{"start":{"line":92,"column":6},"end":{"line":92,"column":39}},"56":{"start":{"line":96,"column":2},"end":{"line":113,"column":null}},"57":{"start":{"line":97,"column":24},"end":{"line":97,"column":54}},"58":{"start":{"line":98,"column":17},"end":{"line":98,"column":21}},"59":{"start":{"line":100,"column":27},"end":{"line":110,"column":5}},"60":{"start":{"line":101,"column":14},"end":{"line":101,"column":22}},"61":{"start":{"line":102,"column":20},"end":{"line":102,"column":35}},"62":{"start":{"line":103,"column":30},"end":{"line":103,"column":82}},"63":{"start":{"line":103,"column":57},"end":{"line":103,"column":82}},"64":{"start":{"line":104,"column":6},"end":{"line":108,"column":9}},"65":{"start":{"line":105,"column":8},"end":{"line":107,"column":null}},"66":{"start":{"line":106,"column":10},"end":{"line":106,"column":58}},"67":{"start":{"line":109,"column":6},"end":{"line":109,"column":24}},"68":{"start":{"line":112,"column":4},"end":{"line":112,"column":48}},"69":{"start":{"line":115,"column":2},"end":{"line":119,"column":null}},"70":{"start":{"line":116,"column":24},"end":{"line":116,"column":54}},"71":{"start":{"line":117,"column":22},"end":{"line":117,"column":88}},"72":{"start":{"line":117,"column":52},"end":{"line":117,"column":85}},"73":{"start":{"line":118,"column":4},"end":{"line":118,"column":21}},"74":{"start":{"line":121,"column":2},"end":{"line":125,"column":null}},"75":{"start":{"line":122,"column":24},"end":{"line":122,"column":64}},"76":{"start":{"line":123,"column":22},"end":{"line":123,"column":88}},"77":{"start":{"line":123,"column":52},"end":{"line":123,"column":85}},"78":{"start":{"line":124,"column":4},"end":{"line":124,"column":21}},"79":{"start":{"line":127,"column":2},"end":{"line":153,"column":null}},"80":{"start":{"line":128,"column":24},"end":{"line":128,"column":54}},"81":{"start":{"line":129,"column":19},"end":{"line":129,"column":45}},"82":{"start":{"line":130,"column":24},"end":{"line":130,"column":74}},"83":{"start":{"line":130,"column":51},"end":{"line":130,"column":74}},"84":{"start":{"line":132,"column":29},"end":{"line":132,"column":58}},"85":{"start":{"line":133,"column":4},"end":{"line":133,"column":61}},"86":{"start":{"line":135,"column":19},"end":{"line":135,"column":45}},"87":{"start":{"line":136,"column":18},"end":{"line":136,"column":33}},"88":{"start":{"line":138,"column":4},"end":{"line":142,"column":7}},"89":{"start":{"line":139,"column":6},"end":{"line":141,"column":null}},"90":{"start":{"line":140,"column":8},"end":{"line":140,"column":35}},"91":{"start":{"line":144,"column":4},"end":{"line":147,"column":7}},"92":{"start":{"line":145,"column":6},"end":{"line":145,"column":35}},"93":{"start":{"line":146,"column":6},"end":{"line":146,"column":52}},"94":{"start":{"line":149,"column":4},"end":{"line":149,"column":50}},"95":{"start":{"line":150,"column":4},"end":{"line":150,"column":47}},"96":{"start":{"line":150,"column":24},"end":{"line":150,"column":47}},"97":{"start":{"line":152,"column":4},"end":{"line":152,"column":22}},"98":{"start":{"line":155,"column":2},"end":{"line":170,"column":null}},"99":{"start":{"line":156,"column":30},"end":{"line":156,"column":44}},"100":{"start":{"line":157,"column":4},"end":{"line":169,"column":null}},"101":{"start":{"line":158,"column":6},"end":{"line":168,"column":null}},"102":{"start":{"line":159,"column":8},"end":{"line":159,"column":36}},"103":{"start":{"line":160,"column":8},"end":{"line":160,"column":38}},"104":{"start":{"line":161,"column":8},"end":{"line":161,"column":41}},"105":{"start":{"line":162,"column":8},"end":{"line":162,"column":85}},"106":{"start":{"line":163,"column":8},"end":{"line":163,"column":31}},"107":{"start":{"line":165,"column":8},"end":{"line":165,"column":37}},"108":{"start":{"line":166,"column":8},"end":{"line":166,"column":42}},"109":{"start":{"line":167,"column":8},"end":{"line":167,"column":39}},"110":{"start":{"line":172,"column":2},"end":{"line":174,"column":null}},"111":{"start":{"line":173,"column":4},"end":{"line":173,"column":62}},"112":{"start":{"line":176,"column":2},"end":{"line":189,"column":null}},"113":{"start":{"line":177,"column":34},"end":{"line":178,"column":38}},"114":{"start":{"line":180,"column":4},"end":{"line":188,"column":null}},"115":{"start":{"line":181,"column":6},"end":{"line":187,"column":null}},"116":{"start":{"line":182,"column":8},"end":{"line":182,"column":35}},"117":{"start":{"line":183,"column":8},"end":{"line":183,"column":33}},"118":{"start":{"line":185,"column":8},"end":{"line":185,"column":35}},"119":{"start":{"line":186,"column":8},"end":{"line":186,"column":33}},"120":{"start":{"line":191,"column":2},"end":{"line":210,"column":null}},"121":{"start":{"line":192,"column":4},"end":{"line":192,"column":30}},"122":{"start":{"line":192,"column":23},"end":{"line":192,"column":30}},"123":{"start":{"line":193,"column":12},"end":{"line":193,"column":20}},"124":{"start":{"line":194,"column":16},"end":{"line":194,"column":45}},"125":{"start":{"line":195,"column":20},"end":{"line":195,"column":53}},"126":{"start":{"line":196,"column":18},"end":{"line":196,"column":49}},"127":{"start":{"line":198,"column":4},"end":{"line":202,"column":null}},"128":{"start":{"line":199,"column":19},"end":{"line":199,"column":28}},"129":{"start":{"line":200,"column":6},"end":{"line":200,"column":26}},"130":{"start":{"line":201,"column":6},"end":{"line":201,"column":21}},"131":{"start":{"line":204,"column":4},"end":{"line":209,"column":6}},"132":{"start":{"line":212,"column":2},"end":{"line":229,"column":null}},"133":{"start":{"line":215,"column":4},"end":{"line":221,"column":null}},"134":{"start":{"line":216,"column":6},"end":{"line":216,"column":29}},"135":{"start":{"line":217,"column":6},"end":{"line":217,"column":24}},"136":{"start":{"line":219,"column":6},"end":{"line":219,"column":29}},"137":{"start":{"line":220,"column":6},"end":{"line":220,"column":23}},"138":{"start":{"line":223,"column":20},"end":{"line":226,"column":6}},"139":{"start":{"line":228,"column":4},"end":{"line":228,"column":19}},"140":{"start":{"line":231,"column":2},"end":{"line":240,"column":null}},"141":{"start":{"line":232,"column":12},"end":{"line":232,"column":20}},"142":{"start":{"line":233,"column":17},"end":{"line":233,"column":67}},"143":{"start":{"line":234,"column":28},"end":{"line":234,"column":53}},"144":{"start":{"line":235,"column":26},"end":{"line":236,"column":64}},"145":{"start":{"line":237,"column":23},"end":{"line":237,"column":94}},"146":{"start":{"line":239,"column":4},"end":{"line":239,"column":22}},"147":{"start":{"line":241,"column":0},"end":{"line":241,"column":null}}},"fnMap":{"0":{"name":"(anonymous_7)","decl":{"start":{"line":6,"column":0},"end":{"line":6,"column":40}},"loc":{"start":{"line":6,"column":0},"end":{"line":241,"column":null}}},"1":{"name":"SliderView","decl":{"start":{"line":7,"column":2},"end":{"line":7,"column":14}},"loc":{"start":{"line":7,"column":26},"end":{"line":17,"column":3}}},"2":{"name":"(anonymous_9)","decl":{"start":{"line":35,"column":2},"end":{"line":35,"column":10}},"loc":{"start":{"line":35,"column":53},"end":{"line":59,"column":3}}},"3":{"name":"(anonymous_10)","decl":{"start":{"line":49,"column":13},"end":{"line":49,"column":14}},"loc":{"start":{"line":49,"column":19},"end":{"line":49,"column":29}}},"4":{"name":"(anonymous_11)","decl":{"start":{"line":50,"column":41},"end":{"line":50,"column":42}},"loc":{"start":{"line":50,"column":47},"end":{"line":50,"column":56}}},"5":{"name":"(anonymous_12)","decl":{"start":{"line":52,"column":28},"end":{"line":52,"column":29}},"loc":{"start":{"line":52,"column":37},"end":{"line":52,"column":50}}},"6":{"name":"(anonymous_13)","decl":{"start":{"line":61,"column":2},"end":{"line":61,"column":8}},"loc":{"start":{"line":61,"column":22},"end":{"line":87,"column":3}}},"7":{"name":"(anonymous_14)","decl":{"start":{"line":72,"column":24},"end":{"line":72,"column":25}},"loc":{"start":{"line":72,"column":30},"end":{"line":79,"column":5}}},"8":{"name":"(anonymous_15)","decl":{"start":{"line":81,"column":24},"end":{"line":81,"column":25}},"loc":{"start":{"line":81,"column":30},"end":{"line":86,"column":5}}},"9":{"name":"(anonymous_16)","decl":{"start":{"line":89,"column":2},"end":{"line":89,"column":12}},"loc":{"start":{"line":89,"column":2},"end":{"line":94,"column":3}}},"10":{"name":"(anonymous_17)","decl":{"start":{"line":91,"column":24},"end":{"line":91,"column":25}},"loc":{"start":{"line":91,"column":30},"end":{"line":93,"column":5}}},"11":{"name":"(anonymous_18)","decl":{"start":{"line":96,"column":2},"end":{"line":96,"column":18}},"loc":{"start":{"line":96,"column":2},"end":{"line":113,"column":3}}},"12":{"name":"onWindowResizeHandler","decl":{"start":{"line":100,"column":36},"end":{"line":100,"column":57}},"loc":{"start":{"line":100,"column":57},"end":{"line":110,"column":5}}},"13":{"name":"(anonymous_20)","decl":{"start":{"line":103,"column":46},"end":{"line":103,"column":47}},"loc":{"start":{"line":103,"column":52},"end":{"line":103,"column":62}}},"14":{"name":"(anonymous_21)","decl":{"start":{"line":104,"column":30},"end":{"line":104,"column":31}},"loc":{"start":{"line":104,"column":51},"end":{"line":108,"column":7}}},"15":{"name":"(anonymous_22)","decl":{"start":{"line":115,"column":2},"end":{"line":115,"column":20}},"loc":{"start":{"line":115,"column":40},"end":{"line":119,"column":3}}},"16":{"name":"(anonymous_23)","decl":{"start":{"line":117,"column":41},"end":{"line":117,"column":42}},"loc":{"start":{"line":117,"column":47},"end":{"line":117,"column":57}}},"17":{"name":"(anonymous_24)","decl":{"start":{"line":121,"column":2},"end":{"line":121,"column":20}},"loc":{"start":{"line":121,"column":40},"end":{"line":125,"column":3}}},"18":{"name":"(anonymous_25)","decl":{"start":{"line":123,"column":41},"end":{"line":123,"column":42}},"loc":{"start":{"line":123,"column":47},"end":{"line":123,"column":57}}},"19":{"name":"(anonymous_26)","decl":{"start":{"line":127,"column":2},"end":{"line":127,"column":16}},"loc":{"start":{"line":127,"column":56},"end":{"line":153,"column":3}}},"20":{"name":"(anonymous_27)","decl":{"start":{"line":130,"column":40},"end":{"line":130,"column":41}},"loc":{"start":{"line":130,"column":46},"end":{"line":130,"column":56}}},"21":{"name":"(anonymous_28)","decl":{"start":{"line":138,"column":24},"end":{"line":138,"column":25}},"loc":{"start":{"line":138,"column":37},"end":{"line":142,"column":5}}},"22":{"name":"(anonymous_29)","decl":{"start":{"line":144,"column":24},"end":{"line":144,"column":25}},"loc":{"start":{"line":144,"column":37},"end":{"line":147,"column":5}}},"23":{"name":"(anonymous_30)","decl":{"start":{"line":155,"column":2},"end":{"line":155,"column":10}},"loc":{"start":{"line":155,"column":40},"end":{"line":170,"column":3}}},"24":{"name":"(anonymous_31)","decl":{"start":{"line":172,"column":2},"end":{"line":172,"column":9}},"loc":{"start":{"line":172,"column":2},"end":{"line":174,"column":3}}},"25":{"name":"(anonymous_32)","decl":{"start":{"line":176,"column":2},"end":{"line":176,"column":14}},"loc":{"start":{"line":176,"column":52},"end":{"line":189,"column":3}}},"26":{"name":"(anonymous_33)","decl":{"start":{"line":191,"column":2},"end":{"line":191,"column":17}},"loc":{"start":{"line":191,"column":2},"end":{"line":210,"column":3}}},"27":{"name":"(anonymous_34)","decl":{"start":{"line":212,"column":2},"end":{"line":212,"column":12}},"loc":{"start":{"line":212,"column":2},"end":{"line":229,"column":3}}},"28":{"name":"(anonymous_35)","decl":{"start":{"line":231,"column":2},"end":{"line":231,"column":10}},"loc":{"start":{"line":231,"column":2},"end":{"line":240,"column":3}}}},"branchMap":{"0":{"loc":{"start":{"line":8,"column":4},"end":{"line":8,"column":11}},"type":"binary-expr","locations":[{"start":{"line":8,"column":4},"end":{"line":8,"column":11}},{"start":{"line":8,"column":11},"end":{"line":8,"column":null}}]},"1":{"loc":{"start":{"line":36,"column":4},"end":{"line":36,"column":54}},"type":"if","locations":[{"start":{"line":36,"column":4},"end":{"line":36,"column":54}},{"start":{"line":36,"column":4},"end":{"line":36,"column":54}}]},"2":{"loc":{"start":{"line":39,"column":45},"end":{"line":39,"column":54}},"type":"cond-expr","locations":[{"start":{"line":39,"column":45},"end":{"line":39,"column":54}},{"start":{"line":39,"column":57},"end":{"line":39,"column":66}}]},"3":{"loc":{"start":{"line":42,"column":4},"end":{"line":43,"column":36}},"type":"if","locations":[{"start":{"line":42,"column":4},"end":{"line":43,"column":36}},{"start":{"line":42,"column":4},"end":{"line":43,"column":36}}]},"4":{"loc":{"start":{"line":43,"column":9},"end":{"line":43,"column":36}},"type":"if","locations":[{"start":{"line":43,"column":9},"end":{"line":43,"column":36}},{"start":{"line":43,"column":9},"end":{"line":43,"column":36}}]},"5":{"loc":{"start":{"line":46,"column":4},"end":{"line":54,"column":null}},"type":"if","locations":[{"start":{"line":46,"column":4},"end":{"line":54,"column":null}},{"start":{"line":46,"column":4},"end":{"line":54,"column":null}}]},"6":{"loc":{"start":{"line":105,"column":8},"end":{"line":107,"column":null}},"type":"if","locations":[{"start":{"line":105,"column":8},"end":{"line":107,"column":null}},{"start":{"line":105,"column":8},"end":{"line":107,"column":null}}]},"7":{"loc":{"start":{"line":139,"column":6},"end":{"line":141,"column":null}},"type":"if","locations":[{"start":{"line":139,"column":6},"end":{"line":141,"column":null}},{"start":{"line":139,"column":6},"end":{"line":141,"column":null}}]},"8":{"loc":{"start":{"line":150,"column":4},"end":{"line":150,"column":47}},"type":"if","locations":[{"start":{"line":150,"column":4},"end":{"line":150,"column":47}},{"start":{"line":150,"column":4},"end":{"line":150,"column":47}}]},"9":{"loc":{"start":{"line":157,"column":4},"end":{"line":169,"column":null}},"type":"if","locations":[{"start":{"line":157,"column":4},"end":{"line":169,"column":null}},{"start":{"line":157,"column":4},"end":{"line":169,"column":null}}]},"10":{"loc":{"start":{"line":158,"column":6},"end":{"line":168,"column":null}},"type":"if","locations":[{"start":{"line":158,"column":6},"end":{"line":168,"column":null}},{"start":{"line":158,"column":6},"end":{"line":168,"column":null}}]},"11":{"loc":{"start":{"line":173,"column":11},"end":{"line":173,"column":33}},"type":"binary-expr","locations":[{"start":{"line":173,"column":11},"end":{"line":173,"column":33}},{"start":{"line":173,"column":37},"end":{"line":173,"column":61}}]},"12":{"loc":{"start":{"line":177,"column":34},"end":{"line":177,"column":63}},"type":"binary-expr","locations":[{"start":{"line":177,"column":34},"end":{"line":177,"column":63}},{"start":{"line":178,"column":7},"end":{"line":178,"column":38}}]},"13":{"loc":{"start":{"line":180,"column":4},"end":{"line":188,"column":null}},"type":"if","locations":[{"start":{"line":180,"column":4},"end":{"line":188,"column":null}},{"start":{"line":180,"column":4},"end":{"line":188,"column":null}}]},"14":{"loc":{"start":{"line":181,"column":6},"end":{"line":187,"column":null}},"type":"if","locations":[{"start":{"line":181,"column":6},"end":{"line":187,"column":null}},{"start":{"line":181,"column":6},"end":{"line":187,"column":null}}]},"15":{"loc":{"start":{"line":192,"column":4},"end":{"line":192,"column":30}},"type":"if","locations":[{"start":{"line":192,"column":4},"end":{"line":192,"column":30}},{"start":{"line":192,"column":4},"end":{"line":192,"column":30}}]},"16":{"loc":{"start":{"line":198,"column":4},"end":{"line":202,"column":null}},"type":"if","locations":[{"start":{"line":198,"column":4},"end":{"line":202,"column":null}},{"start":{"line":198,"column":4},"end":{"line":202,"column":null}}]},"17":{"loc":{"start":{"line":215,"column":4},"end":{"line":221,"column":null}},"type":"if","locations":[{"start":{"line":215,"column":4},"end":{"line":221,"column":null}},{"start":{"line":215,"column":4},"end":{"line":221,"column":null}}]},"18":{"loc":{"start":{"line":233,"column":39},"end":{"line":233,"column":51}},"type":"cond-expr","locations":[{"start":{"line":233,"column":39},"end":{"line":233,"column":51}},{"start":{"line":233,"column":54},"end":{"line":233,"column":67}}]},"19":{"loc":{"start":{"line":234,"column":28},"end":{"line":234,"column":48}},"type":"binary-expr","locations":[{"start":{"line":234,"column":28},"end":{"line":234,"column":48}},{"start":{"line":234,"column":52},"end":{"line":234,"column":53}}]},"20":{"loc":{"start":{"line":235,"column":27},"end":{"line":235,"column":56}},"type":"binary-expr","locations":[{"start":{"line":235,"column":27},"end":{"line":235,"column":56}},{"start":{"line":235,"column":60},"end":{"line":235,"column":61}}]},"21":{"loc":{"start":{"line":236,"column":29},"end":{"line":236,"column":58}},"type":"binary-expr","locations":[{"start":{"line":236,"column":29},"end":{"line":236,"column":58}},{"start":{"line":236,"column":62},"end":{"line":236,"column":63}}]}},"s":{"0":2,"1":2,"2":2,"3":2,"4":2,"5":2,"6":20,"7":20,"8":20,"9":20,"10":20,"11":20,"12":20,"13":20,"14":20,"15":2,"16":1,"17":0,"18":1,"19":1,"20":1,"21":1,"22":1,"23":0,"24":1,"25":0,"26":1,"27":1,"28":1,"29":1,"30":2,"31":1,"32":2,"33":1,"34":1,"35":1,"36":1,"37":2,"38":11,"39":11,"40":11,"41":11,"42":11,"43":11,"44":11,"45":11,"46":11,"47":11,"48":22,"49":11,"50":22,"51":2,"52":19,"53":19,"54":19,"55":38,"56":2,"57":11,"58":11,"59":11,"60":0,"61":0,"62":0,"63":0,"64":0,"65":0,"66":0,"67":0,"68":11,"69":2,"70":7,"71":7,"72":14,"73":7,"74":2,"75":14,"76":14,"77":28,"78":14,"79":2,"80":12,"81":12,"82":12,"83":24,"84":12,"85":12,"86":12,"87":12,"88":12,"89":24,"90":0,"91":12,"92":24,"93":24,"94":12,"95":12,"96":12,"97":12,"98":2,"99":14,"100":14,"101":2,"102":1,"103":1,"104":1,"105":1,"106":1,"107":1,"108":1,"109":1,"110":2,"111":28,"112":2,"113":13,"114":13,"115":2,"116":1,"117":1,"118":1,"119":1,"120":2,"121":33,"122":0,"123":33,"124":33,"125":33,"126":33,"127":33,"128":1,"129":1,"130":1,"131":33,"132":2,"133":97,"134":31,"135":31,"136":66,"137":66,"138":97,"139":97,"140":2,"141":12,"142":12,"143":12,"144":12,"145":12,"146":12,"147":2},"f":{"0":2,"1":20,"2":1,"3":2,"4":2,"5":1,"6":11,"7":22,"8":22,"9":19,"10":38,"11":11,"12":0,"13":0,"14":0,"15":7,"16":14,"17":14,"18":28,"19":12,"20":24,"21":24,"22":24,"23":14,"24":28,"25":13,"26":33,"27":97,"28":12},"b":{"0":[20,20],"1":[0,1],"2":[1,0],"3":[0,1],"4":[0,1],"5":[1,0],"6":[0,0],"7":[0,24],"8":[12,0],"9":[2,12],"10":[1,1],"11":[28,27],"12":[13,12],"13":[2,11],"14":[1,1],"15":[0,33],"16":[1,32],"17":[31,66],"18":[0,12],"19":[12,12],"20":[12,12],"21":[12,12]}}
,"C:\\Users\\outfl\\Desktop\\slider\\src\\ts\\slider\\View\\ThumbView.ts": {"path":"C:\\Users\\outfl\\Desktop\\slider\\src\\ts\\slider\\View\\ThumbView.ts","statementMap":{"0":{"start":{"line":1,"column":0},"end":{"line":1,"column":null}},"1":{"start":{"line":3,"column":4},"end":{"line":3,"column":29}},"2":{"start":{"line":4,"column":4},"end":{"line":4,"column":122}},"3":{"start":{"line":5,"column":4},"end":{"line":5,"column":28}},"4":{"start":{"line":6,"column":4},"end":{"line":6,"column":24}},"5":{"start":{"line":15,"column":2},"end":{"line":17,"column":null}},"6":{"start":{"line":16,"column":4},"end":{"line":16,"column":37}},"7":{"start":{"line":19,"column":2},"end":{"line":22,"column":null}},"8":{"start":{"line":20,"column":20},"end":{"line":20,"column":59}},"9":{"start":{"line":21,"column":4},"end":{"line":21,"column":19}},"10":{"start":{"line":24,"column":2},"end":{"line":26,"column":null}},"11":{"start":{"line":25,"column":4},"end":{"line":25,"column":25}},"12":{"start":{"line":28,"column":2},"end":{"line":30,"column":null}},"13":{"start":{"line":29,"column":4},"end":{"line":29,"column":51}},"14":{"start":{"line":32,"column":2},"end":{"line":34,"column":null}},"15":{"start":{"line":33,"column":4},"end":{"line":33,"column":37}},"16":{"start":{"line":36,"column":2},"end":{"line":38,"column":null}},"17":{"start":{"line":37,"column":4},"end":{"line":37,"column":56}},"18":{"start":{"line":40,"column":2},"end":{"line":42,"column":null}},"19":{"start":{"line":41,"column":4},"end":{"line":41,"column":25}},"20":{"start":{"line":44,"column":2},"end":{"line":47,"column":null}},"21":{"start":{"line":45,"column":23},"end":{"line":45,"column":57}},"22":{"start":{"line":46,"column":4},"end":{"line":46,"column":35}},"23":{"start":{"line":49,"column":2},"end":{"line":52,"column":null}},"24":{"start":{"line":50,"column":23},"end":{"line":50,"column":57}},"25":{"start":{"line":51,"column":4},"end":{"line":51,"column":35}},"26":{"start":{"line":54,"column":2},"end":{"line":57,"column":null}},"27":{"start":{"line":55,"column":23},"end":{"line":55,"column":57}},"28":{"start":{"line":56,"column":4},"end":{"line":56,"column":48}},"29":{"start":{"line":59,"column":2},"end":{"line":62,"column":null}},"30":{"start":{"line":60,"column":18},"end":{"line":60,"column":47}},"31":{"start":{"line":61,"column":4},"end":{"line":61,"column":17}},"32":{"start":{"line":64,"column":2},"end":{"line":105,"column":null}},"33":{"start":{"line":70,"column":12},"end":{"line":70,"column":18}},"34":{"start":{"line":71,"column":17},"end":{"line":71,"column":21}},"35":{"start":{"line":73,"column":29},"end":{"line":101,"column":5}},"36":{"start":{"line":74,"column":28},"end":{"line":74,"column":46}},"37":{"start":{"line":75,"column":21},"end":{"line":75,"column":56}},"38":{"start":{"line":76,"column":38},"end":{"line":76,"column":58}},"39":{"start":{"line":77,"column":23},"end":{"line":77,"column":48}},"40":{"start":{"line":79,"column":6},"end":{"line":79,"column":40}},"41":{"start":{"line":80,"column":26},"end":{"line":89,"column":7}},"42":{"start":{"line":81,"column":22},"end":{"line":81,"column":60}},"43":{"start":{"line":82,"column":23},"end":{"line":82,"column":78}},"44":{"start":{"line":83,"column":8},"end":{"line":83,"column":47}},"45":{"start":{"line":85,"column":8},"end":{"line":86,"column":44}},"46":{"start":{"line":85,"column":30},"end":{"line":85,"column":47}},"47":{"start":{"line":86,"column":13},"end":{"line":86,"column":44}},"48":{"start":{"line":86,"column":31},"end":{"line":86,"column":44}},"49":{"start":{"line":87,"column":8},"end":{"line":87,"column":45}},"50":{"start":{"line":88,"column":8},"end":{"line":88,"column":53}},"51":{"start":{"line":91,"column":32},"end":{"line":91,"column":54}},"52":{"start":{"line":94,"column":8},"end":{"line":94,"column":38}},"53":{"start":{"line":95,"column":8},"end":{"line":95,"column":59}},"54":{"start":{"line":96,"column":8},"end":{"line":96,"column":49}},"55":{"start":{"line":99,"column":6},"end":{"line":99,"column":47}},"56":{"start":{"line":100,"column":6},"end":{"line":100,"column":37}},"57":{"start":{"line":103,"column":35},"end":{"line":103,"column":62}},"58":{"start":{"line":104,"column":4},"end":{"line":104,"column":45}},"59":{"start":{"line":106,"column":0},"end":{"line":106,"column":null}}},"fnMap":{"0":{"name":"(anonymous_0)","decl":{"start":{"line":1,"column":0},"end":{"line":1,"column":null}},"loc":{"start":{"line":1,"column":0},"end":{"line":106,"column":null}}},"1":{"name":"ThumbView","decl":{"start":{"line":2,"column":2},"end":{"line":2,"column":14}},"loc":{"start":{"line":2,"column":53},"end":{"line":7,"column":3}}},"2":{"name":"(anonymous_2)","decl":{"start":{"line":15,"column":2},"end":{"line":15,"column":14}},"loc":{"start":{"line":15,"column":2},"end":{"line":17,"column":3}}},"3":{"name":"(anonymous_3)","decl":{"start":{"line":19,"column":2},"end":{"line":19,"column":9}},"loc":{"start":{"line":19,"column":2},"end":{"line":22,"column":3}}},"4":{"name":"(anonymous_4)","decl":{"start":{"line":24,"column":2},"end":{"line":24,"column":15}},"loc":{"start":{"line":24,"column":2},"end":{"line":26,"column":3}}},"5":{"name":"(anonymous_5)","decl":{"start":{"line":28,"column":2},"end":{"line":28,"column":10}},"loc":{"start":{"line":28,"column":33},"end":{"line":30,"column":3}}},"6":{"name":"(anonymous_6)","decl":{"start":{"line":32,"column":2},"end":{"line":32,"column":13}},"loc":{"start":{"line":32,"column":65},"end":{"line":34,"column":3}}},"7":{"name":"(anonymous_7)","decl":{"start":{"line":36,"column":2},"end":{"line":36,"column":10}},"loc":{"start":{"line":36,"column":47},"end":{"line":38,"column":3}}},"8":{"name":"(anonymous_8)","decl":{"start":{"line":40,"column":2},"end":{"line":40,"column":13}},"loc":{"start":{"line":40,"column":2},"end":{"line":42,"column":3}}},"9":{"name":"(anonymous_9)","decl":{"start":{"line":44,"column":2},"end":{"line":44,"column":11}},"loc":{"start":{"line":44,"column":2},"end":{"line":47,"column":3}}},"10":{"name":"(anonymous_10)","decl":{"start":{"line":49,"column":2},"end":{"line":49,"column":11}},"loc":{"start":{"line":49,"column":2},"end":{"line":52,"column":3}}},"11":{"name":"(anonymous_11)","decl":{"start":{"line":54,"column":2},"end":{"line":54,"column":16}},"loc":{"start":{"line":54,"column":2},"end":{"line":57,"column":3}}},"12":{"name":"(anonymous_12)","decl":{"start":{"line":59,"column":2},"end":{"line":59,"column":10}},"loc":{"start":{"line":59,"column":2},"end":{"line":62,"column":3}}},"13":{"name":"(anonymous_13)","decl":{"start":{"line":64,"column":2},"end":{"line":64,"column":21}},"loc":{"start":{"line":68,"column":30},"end":{"line":105,"column":3}}},"14":{"name":"onThumbMouseDownHandler","decl":{"start":{"line":73,"column":38},"end":{"line":73,"column":61}},"loc":{"start":{"line":73,"column":90},"end":{"line":101,"column":5}}},"15":{"name":"onDocumentMouseMoveHandler","decl":{"start":{"line":80,"column":35},"end":{"line":80,"column":61}},"loc":{"start":{"line":80,"column":90},"end":{"line":89,"column":7}}},"16":{"name":"onMouseUp","decl":{"start":{"line":93,"column":15},"end":{"line":93,"column":24}},"loc":{"start":{"line":93,"column":24},"end":{"line":97,"column":7}}}},"branchMap":{"0":{"loc":{"start":{"line":60,"column":18},"end":{"line":60,"column":42}},"type":"binary-expr","locations":[{"start":{"line":60,"column":18},"end":{"line":60,"column":42}},{"start":{"line":60,"column":46},"end":{"line":60,"column":47}}]},"1":{"loc":{"start":{"line":85,"column":8},"end":{"line":86,"column":44}},"type":"if","locations":[{"start":{"line":85,"column":8},"end":{"line":86,"column":44}},{"start":{"line":85,"column":8},"end":{"line":86,"column":44}}]},"2":{"loc":{"start":{"line":86,"column":13},"end":{"line":86,"column":44}},"type":"if","locations":[{"start":{"line":86,"column":13},"end":{"line":86,"column":44}},{"start":{"line":86,"column":13},"end":{"line":86,"column":44}}]}},"s":{"0":3,"1":47,"2":47,"3":47,"4":47,"5":3,"6":49,"7":3,"8":32,"9":32,"10":3,"11":2,"12":3,"13":11,"14":3,"15":55,"16":3,"17":102,"18":3,"19":29,"20":3,"21":3,"22":3,"23":3,"24":3,"25":3,"26":3,"27":29,"28":29,"29":3,"30":45,"31":45,"32":3,"33":22,"34":22,"35":22,"36":4,"37":4,"38":4,"39":4,"40":4,"41":4,"42":4,"43":4,"44":4,"45":4,"46":1,"47":3,"48":1,"49":4,"50":4,"51":4,"52":4,"53":4,"54":4,"55":4,"56":4,"57":22,"58":22,"59":3},"f":{"0":3,"1":47,"2":49,"3":32,"4":2,"5":11,"6":55,"7":102,"8":29,"9":3,"10":3,"11":29,"12":45,"13":22,"14":4,"15":4,"16":4},"b":{"0":[45,44],"1":[1,3],"2":[1,2]}}
,"C:\\Users\\outfl\\Desktop\\slider\\src\\ts\\slider\\View\\ValueInputView.ts": {"path":"C:\\Users\\outfl\\Desktop\\slider\\src\\ts\\slider\\View\\ValueInputView.ts","statementMap":{"0":{"start":{"line":1,"column":0},"end":{"line":1,"column":null}},"1":{"start":{"line":3,"column":4},"end":{"line":3,"column":109}},"2":{"start":{"line":4,"column":4},"end":{"line":4,"column":29}},"3":{"start":{"line":5,"column":4},"end":{"line":5,"column":28}},"4":{"start":{"line":6,"column":4},"end":{"line":6,"column":24}},"5":{"start":{"line":15,"column":2},"end":{"line":17,"column":null}},"6":{"start":{"line":16,"column":4},"end":{"line":16,"column":42}},"7":{"start":{"line":19,"column":2},"end":{"line":21,"column":null}},"8":{"start":{"line":20,"column":4},"end":{"line":20,"column":30}},"9":{"start":{"line":23,"column":2},"end":{"line":25,"column":null}},"10":{"start":{"line":24,"column":4},"end":{"line":24,"column":32}},"11":{"start":{"line":27,"column":2},"end":{"line":34,"column":null}},"12":{"start":{"line":28,"column":18},"end":{"line":28,"column":37}},"13":{"start":{"line":29,"column":16},"end":{"line":29,"column":18}},"14":{"start":{"line":30,"column":4},"end":{"line":32,"column":null}},"15":{"start":{"line":31,"column":6},"end":{"line":31,"column":26}},"16":{"start":{"line":33,"column":4},"end":{"line":33,"column":17}},"17":{"start":{"line":36,"column":2},"end":{"line":38,"column":null}},"18":{"start":{"line":37,"column":4},"end":{"line":37,"column":25}},"19":{"start":{"line":40,"column":2},"end":{"line":52,"column":null}},"20":{"start":{"line":44,"column":18},"end":{"line":44,"column":34}},"21":{"start":{"line":45,"column":17},"end":{"line":45,"column":21}},"22":{"start":{"line":47,"column":31},"end":{"line":49,"column":5}},"23":{"start":{"line":48,"column":6},"end":{"line":48,"column":43}},"24":{"start":{"line":51,"column":4},"end":{"line":51,"column":48}},"25":{"start":{"line":53,"column":0},"end":{"line":53,"column":null}}},"fnMap":{"0":{"name":"(anonymous_0)","decl":{"start":{"line":1,"column":0},"end":{"line":1,"column":null}},"loc":{"start":{"line":1,"column":0},"end":{"line":53,"column":null}}},"1":{"name":"ValueInputView","decl":{"start":{"line":2,"column":2},"end":{"line":2,"column":14}},"loc":{"start":{"line":2,"column":53},"end":{"line":7,"column":3}}},"2":{"name":"(anonymous_2)","decl":{"start":{"line":15,"column":2},"end":{"line":15,"column":14}},"loc":{"start":{"line":15,"column":2},"end":{"line":17,"column":3}}},"3":{"name":"(anonymous_3)","decl":{"start":{"line":19,"column":2},"end":{"line":19,"column":15}},"loc":{"start":{"line":19,"column":2},"end":{"line":21,"column":3}}},"4":{"name":"(anonymous_4)","decl":{"start":{"line":23,"column":2},"end":{"line":23,"column":10}},"loc":{"start":{"line":23,"column":33},"end":{"line":25,"column":3}}},"5":{"name":"(anonymous_5)","decl":{"start":{"line":27,"column":2},"end":{"line":27,"column":10}},"loc":{"start":{"line":27,"column":2},"end":{"line":34,"column":3}}},"6":{"name":"(anonymous_6)","decl":{"start":{"line":36,"column":2},"end":{"line":36,"column":13}},"loc":{"start":{"line":36,"column":2},"end":{"line":38,"column":3}}},"7":{"name":"(anonymous_7)","decl":{"start":{"line":40,"column":2},"end":{"line":40,"column":18}},"loc":{"start":{"line":42,"column":28},"end":{"line":52,"column":3}}},"8":{"name":"onValueInputChangeHandler","decl":{"start":{"line":47,"column":40},"end":{"line":47,"column":65}},"loc":{"start":{"line":47,"column":65},"end":{"line":49,"column":5}}}},"branchMap":{"0":{"loc":{"start":{"line":30,"column":4},"end":{"line":32,"column":null}},"type":"if","locations":[{"start":{"line":30,"column":4},"end":{"line":32,"column":null}},{"start":{"line":30,"column":4},"end":{"line":32,"column":null}}]}},"s":{"0":3,"1":44,"2":44,"3":44,"4":44,"5":3,"6":45,"7":3,"8":2,"9":3,"10":17,"11":3,"12":1,"13":1,"14":1,"15":1,"16":1,"17":3,"18":36,"19":3,"20":26,"21":26,"22":26,"23":1,"24":26,"25":3},"f":{"0":3,"1":44,"2":45,"3":2,"4":17,"5":1,"6":36,"7":26,"8":1},"b":{"0":[1,0]}}
}
