{"C:\\Users\\outfl\\Desktop\\slider\\src\\ts\\slider\\EventEmitter\\EventEmitter.ts": {"path":"C:\\Users\\outfl\\Desktop\\slider\\src\\ts\\slider\\EventEmitter\\EventEmitter.ts","statementMap":{"0":{"start":{"line":1,"column":0},"end":{"line":1,"column":null}},"1":{"start":{"line":3,"column":4},"end":{"line":3,"column":21}},"2":{"start":{"line":8,"column":2},"end":{"line":11,"column":null}},"3":{"start":{"line":9,"column":4},"end":{"line":9,"column":74}},"4":{"start":{"line":9,"column":46},"end":{"line":9,"column":74}},"5":{"start":{"line":10,"column":4},"end":{"line":10,"column":42}},"6":{"start":{"line":13,"column":2},"end":{"line":18,"column":null}},"7":{"start":{"line":14,"column":18},"end":{"line":14,"column":40}},"8":{"start":{"line":15,"column":4},"end":{"line":17,"column":7}},"9":{"start":{"line":16,"column":6},"end":{"line":16,"column":21}},"10":{"start":{"line":19,"column":0},"end":{"line":19,"column":null}}},"fnMap":{"0":{"name":"(anonymous_0)","decl":{"start":{"line":1,"column":0},"end":{"line":1,"column":null}},"loc":{"start":{"line":1,"column":0},"end":{"line":19,"column":null}}},"1":{"name":"EventEmitter","decl":{"start":{"line":2,"column":2},"end":{"line":2,"column":null}},"loc":{"start":{"line":2,"column":2},"end":{"line":4,"column":3}}},"2":{"name":"(anonymous_2)","decl":{"start":{"line":8,"column":2},"end":{"line":8,"column":4}},"loc":{"start":{"line":8,"column":42},"end":{"line":11,"column":3}}},"3":{"name":"(anonymous_3)","decl":{"start":{"line":13,"column":2},"end":{"line":13,"column":6}},"loc":{"start":{"line":13,"column":34},"end":{"line":18,"column":3}}},"4":{"name":"(anonymous_4)","decl":{"start":{"line":15,"column":18},"end":{"line":15,"column":19}},"loc":{"start":{"line":15,"column":28},"end":{"line":17,"column":5}}}},"branchMap":{"0":{"loc":{"start":{"line":9,"column":4},"end":{"line":9,"column":74}},"type":"if","locations":[{"start":{"line":9,"column":4},"end":{"line":9,"column":74}},{"start":{"line":9,"column":4},"end":{"line":9,"column":74}}]}},"s":{"0":3,"1":4,"2":3,"3":2,"4":2,"5":2,"6":3,"7":1,"8":1,"9":1,"10":3},"f":{"0":3,"1":4,"2":2,"3":1,"4":1},"b":{"0":[2,0]}}
,"C:\\Users\\outfl\\Desktop\\slider\\src\\ts\\slider\\Model\\Model.ts": {"path":"C:\\Users\\outfl\\Desktop\\slider\\src\\ts\\slider\\Model\\Model.ts","statementMap":{"0":{"start":{"line":1,"column":0},"end":{"line":1,"column":null}},"1":{"start":{"line":9,"column":4},"end":{"line":13,"column":6}},"2":{"start":{"line":14,"column":4},"end":{"line":14,"column":22}},"3":{"start":{"line":15,"column":4},"end":{"line":15,"column":27}},"4":{"start":{"line":26,"column":2},"end":{"line":53,"column":null}},"5":{"start":{"line":27,"column":4},"end":{"line":52,"column":null}},"6":{"start":{"line":28,"column":6},"end":{"line":31,"column":8}},"7":{"start":{"line":32,"column":6},"end":{"line":32,"column":27}},"8":{"start":{"line":34,"column":16},"end":{"line":34,"column":27}},"9":{"start":{"line":35,"column":16},"end":{"line":35,"column":25}},"10":{"start":{"line":37,"column":6},"end":{"line":41,"column":null}},"11":{"start":{"line":38,"column":21},"end":{"line":38,"column":24}},"12":{"start":{"line":39,"column":8},"end":{"line":39,"column":18}},"13":{"start":{"line":40,"column":8},"end":{"line":40,"column":19}},"14":{"start":{"line":43,"column":6},"end":{"line":46,"column":8}},"15":{"start":{"line":48,"column":6},"end":{"line":51,"column":8}},"16":{"start":{"line":55,"column":2},"end":{"line":57,"column":null}},"17":{"start":{"line":56,"column":4},"end":{"line":56,"column":23}},"18":{"start":{"line":59,"column":2},"end":{"line":61,"column":null}},"19":{"start":{"line":60,"column":4},"end":{"line":60,"column":28}},"20":{"start":{"line":63,"column":2},"end":{"line":65,"column":null}},"21":{"start":{"line":64,"column":4},"end":{"line":64,"column":23}},"22":{"start":{"line":67,"column":2},"end":{"line":69,"column":null}},"23":{"start":{"line":68,"column":4},"end":{"line":68,"column":22}},"24":{"start":{"line":71,"column":2},"end":{"line":73,"column":null}},"25":{"start":{"line":72,"column":4},"end":{"line":72,"column":22}},"26":{"start":{"line":75,"column":2},"end":{"line":77,"column":null}},"27":{"start":{"line":76,"column":4},"end":{"line":76,"column":42}},"28":{"start":{"line":79,"column":2},"end":{"line":81,"column":null}},"29":{"start":{"line":80,"column":4},"end":{"line":80,"column":37}},"30":{"start":{"line":83,"column":2},"end":{"line":85,"column":null}},"31":{"start":{"line":84,"column":4},"end":{"line":84,"column":40}},"32":{"start":{"line":86,"column":0},"end":{"line":86,"column":null}}},"fnMap":{"0":{"name":"(anonymous_0)","decl":{"start":{"line":1,"column":0},"end":{"line":1,"column":null}},"loc":{"start":{"line":1,"column":0},"end":{"line":86,"column":null}}},"1":{"name":"Model","decl":{"start":{"line":2,"column":2},"end":{"line":2,"column":null}},"loc":{"start":{"line":7,"column":19},"end":{"line":16,"column":3}}},"2":{"name":"(anonymous_2)","decl":{"start":{"line":26,"column":2},"end":{"line":26,"column":11}},"loc":{"start":{"line":26,"column":27},"end":{"line":53,"column":3}}},"3":{"name":"(anonymous_3)","decl":{"start":{"line":55,"column":2},"end":{"line":55,"column":11}},"loc":{"start":{"line":55,"column":2},"end":{"line":57,"column":3}}},"4":{"name":"(anonymous_4)","decl":{"start":{"line":59,"column":2},"end":{"line":59,"column":16}},"loc":{"start":{"line":59,"column":2},"end":{"line":61,"column":3}}},"5":{"name":"(anonymous_5)","decl":{"start":{"line":63,"column":2},"end":{"line":63,"column":10}},"loc":{"start":{"line":63,"column":2},"end":{"line":65,"column":3}}},"6":{"name":"(anonymous_6)","decl":{"start":{"line":67,"column":2},"end":{"line":67,"column":9}},"loc":{"start":{"line":67,"column":22},"end":{"line":69,"column":3}}},"7":{"name":"(anonymous_7)","decl":{"start":{"line":71,"column":2},"end":{"line":71,"column":9}},"loc":{"start":{"line":71,"column":2},"end":{"line":73,"column":3}}},"8":{"name":"(anonymous_8)","decl":{"start":{"line":75,"column":2},"end":{"line":75,"column":21}},"loc":{"start":{"line":75,"column":56},"end":{"line":77,"column":3}}},"9":{"name":"(anonymous_9)","decl":{"start":{"line":79,"column":2},"end":{"line":79,"column":15}},"loc":{"start":{"line":79,"column":45},"end":{"line":81,"column":3}}},"10":{"name":"(anonymous_10)","decl":{"start":{"line":83,"column":2},"end":{"line":83,"column":19}},"loc":{"start":{"line":83,"column":52},"end":{"line":85,"column":3}}}},"branchMap":{"0":{"loc":{"start":{"line":27,"column":4},"end":{"line":52,"column":null}},"type":"if","locations":[{"start":{"line":27,"column":4},"end":{"line":52,"column":null}},{"start":{"line":27,"column":4},"end":{"line":52,"column":null}}]},"1":{"loc":{"start":{"line":37,"column":6},"end":{"line":41,"column":null}},"type":"if","locations":[{"start":{"line":37,"column":6},"end":{"line":41,"column":null}},{"start":{"line":37,"column":6},"end":{"line":41,"column":null}}]}},"s":{"0":1,"1":5,"2":5,"3":5,"4":1,"5":8,"6":1,"7":1,"8":7,"9":7,"10":7,"11":1,"12":1,"13":1,"14":7,"15":7,"16":1,"17":3,"18":1,"19":3,"20":1,"21":4,"22":1,"23":1,"24":1,"25":1,"26":1,"27":2,"28":1,"29":1,"30":1,"31":1,"32":1},"f":{"0":1,"1":5,"2":8,"3":3,"4":3,"5":4,"6":1,"7":1,"8":2,"9":1,"10":1},"b":{"0":[1,7],"1":[1,6]}}
,"C:\\Users\\outfl\\Desktop\\slider\\src\\ts\\slider\\Presenter\\Converter.ts": {"path":"C:\\Users\\outfl\\Desktop\\slider\\src\\ts\\slider\\Presenter\\Converter.ts","statementMap":{"0":{"start":{"line":1,"column":0},"end":{"line":1,"column":null}},"1":{"start":{"line":2,"column":2},"end":{"line":15,"column":null}},"2":{"start":{"line":8,"column":16},"end":{"line":8,"column":71}},"3":{"start":{"line":9,"column":4},"end":{"line":9,"column":48}},"4":{"start":{"line":11,"column":4},"end":{"line":11,"column":42}},"5":{"start":{"line":11,"column":24},"end":{"line":11,"column":42}},"6":{"start":{"line":12,"column":4},"end":{"line":12,"column":45}},"7":{"start":{"line":12,"column":27},"end":{"line":12,"column":45}},"8":{"start":{"line":14,"column":4},"end":{"line":14,"column":17}},"9":{"start":{"line":17,"column":2},"end":{"line":27,"column":null}},"10":{"start":{"line":22,"column":16},"end":{"line":22,"column":64}},"11":{"start":{"line":23,"column":4},"end":{"line":24,"column":51}},"12":{"start":{"line":23,"column":36},"end":{"line":23,"column":50}},"13":{"start":{"line":24,"column":9},"end":{"line":24,"column":51}},"14":{"start":{"line":24,"column":41},"end":{"line":24,"column":51}},"15":{"start":{"line":26,"column":4},"end":{"line":26,"column":17}},"16":{"start":{"line":29,"column":2},"end":{"line":31,"column":null}},"17":{"start":{"line":30,"column":4},"end":{"line":30,"column":43}},"18":{"start":{"line":32,"column":0},"end":{"line":32,"column":null}}},"fnMap":{"0":{"name":"(anonymous_0)","decl":{"start":{"line":1,"column":0},"end":{"line":1,"column":null}},"loc":{"start":{"line":1,"column":0},"end":{"line":32,"column":null}}},"1":{"name":"(anonymous_2)","decl":{"start":{"line":2,"column":2},"end":{"line":2,"column":14}},"loc":{"start":{"line":6,"column":23},"end":{"line":15,"column":3}}},"2":{"name":"(anonymous_3)","decl":{"start":{"line":17,"column":2},"end":{"line":17,"column":14}},"loc":{"start":{"line":20,"column":23},"end":{"line":27,"column":3}}},"3":{"name":"(anonymous_4)","decl":{"start":{"line":29,"column":2},"end":{"line":29,"column":19}},"loc":{"start":{"line":29,"column":47},"end":{"line":31,"column":3}}}},"branchMap":{"0":{"loc":{"start":{"line":11,"column":4},"end":{"line":11,"column":42}},"type":"if","locations":[{"start":{"line":11,"column":4},"end":{"line":11,"column":42}},{"start":{"line":11,"column":4},"end":{"line":11,"column":42}}]},"1":{"loc":{"start":{"line":12,"column":4},"end":{"line":12,"column":45}},"type":"if","locations":[{"start":{"line":12,"column":4},"end":{"line":12,"column":45}},{"start":{"line":12,"column":4},"end":{"line":12,"column":45}}]},"2":{"loc":{"start":{"line":23,"column":4},"end":{"line":24,"column":51}},"type":"if","locations":[{"start":{"line":23,"column":4},"end":{"line":24,"column":51}},{"start":{"line":23,"column":4},"end":{"line":24,"column":51}}]},"3":{"loc":{"start":{"line":24,"column":9},"end":{"line":24,"column":51}},"type":"if","locations":[{"start":{"line":24,"column":9},"end":{"line":24,"column":51}},{"start":{"line":24,"column":9},"end":{"line":24,"column":51}}]}},"s":{"0":1,"1":1,"2":3,"3":3,"4":3,"5":1,"6":3,"7":1,"8":3,"9":1,"10":3,"11":3,"12":1,"13":2,"14":1,"15":3,"16":1,"17":4,"18":1},"f":{"0":2,"1":3,"2":3,"3":4},"b":{"0":[1,2],"1":[1,2],"2":[1,2],"3":[1,1]}}
,"C:\\Users\\outfl\\Desktop\\slider\\src\\ts\\slider\\View\\ConfigPanelView.ts": {"path":"C:\\Users\\outfl\\Desktop\\slider\\src\\ts\\slider\\View\\ConfigPanelView.ts","statementMap":{"0":{"start":{"line":1,"column":0},"end":{"line":1,"column":56}},"1":{"start":{"line":3,"column":0},"end":{"line":3,"column":null}},"2":{"start":{"line":3,"column":45},"end":{"line":3,"column":57}},"3":{"start":{"line":5,"column":4},"end":{"line":5,"column":null}},"4":{"start":{"line":6,"column":4},"end":{"line":6,"column":42}},"5":{"start":{"line":7,"column":4},"end":{"line":12,"column":35}},"6":{"start":{"line":13,"column":4},"end":{"line":13,"column":34}},"7":{"start":{"line":14,"column":4},"end":{"line":14,"column":35}},"8":{"start":{"line":21,"column":2},"end":{"line":56,"column":null}},"9":{"start":{"line":22,"column":17},"end":{"line":22,"column":21}},"10":{"start":{"line":23,"column":20},"end":{"line":23,"column":67}},"11":{"start":{"line":24,"column":19},"end":{"line":24,"column":65}},"12":{"start":{"line":25,"column":19},"end":{"line":25,"column":39}},"13":{"start":{"line":28,"column":20},"end":{"line":28,"column":41}},"14":{"start":{"line":29,"column":6},"end":{"line":29,"column":43}},"15":{"start":{"line":33,"column":35},"end":{"line":33,"column":75}},"16":{"start":{"line":34,"column":6},"end":{"line":34,"column":51}},"17":{"start":{"line":38,"column":20},"end":{"line":38,"column":34}},"18":{"start":{"line":39,"column":6},"end":{"line":39,"column":55}},"19":{"start":{"line":39,"column":48},"end":{"line":39,"column":55}},"20":{"start":{"line":40,"column":14},"end":{"line":40,"column":19}},"21":{"start":{"line":41,"column":27},"end":{"line":41,"column":68}},"22":{"start":{"line":43,"column":6},"end":{"line":51,"column":null}},"23":{"start":{"line":44,"column":19},"end":{"line":44,"column":38}},"24":{"start":{"line":45,"column":8},"end":{"line":45,"column":41}},"25":{"start":{"line":45,"column":32},"end":{"line":45,"column":41}},"26":{"start":{"line":46,"column":8},"end":{"line":46,"column":53}},"27":{"start":{"line":47,"column":13},"end":{"line":51,"column":null}},"28":{"start":{"line":48,"column":23},"end":{"line":48,"column":42}},"29":{"start":{"line":49,"column":23},"end":{"line":49,"column":42}},"30":{"start":{"line":50,"column":8},"end":{"line":50,"column":55}},"31":{"start":{"line":54,"column":4},"end":{"line":54,"column":44}},"32":{"start":{"line":55,"column":4},"end":{"line":55,"column":44}},"33":{"start":{"line":57,"column":0},"end":{"line":57,"column":null}}},"fnMap":{"0":{"name":"(anonymous_7)","decl":{"start":{"line":3,"column":0},"end":{"line":3,"column":45}},"loc":{"start":{"line":3,"column":0},"end":{"line":57,"column":null}}},"1":{"name":"ConfigPanelView","decl":{"start":{"line":4,"column":2},"end":{"line":4,"column":14}},"loc":{"start":{"line":4,"column":50},"end":{"line":15,"column":3}}},"2":{"name":"(anonymous_9)","decl":{"start":{"line":21,"column":2},"end":{"line":21,"column":24}},"loc":{"start":{"line":21,"column":2},"end":{"line":56,"column":3}}},"3":{"name":"getCallbackType","decl":{"start":{"line":27,"column":13},"end":{"line":27,"column":28}},"loc":{"start":{"line":27,"column":52},"end":{"line":30,"column":5}}},"4":{"name":"onButtonClick","decl":{"start":{"line":32,"column":13},"end":{"line":32,"column":26}},"loc":{"start":{"line":32,"column":52},"end":{"line":35,"column":5}}},"5":{"name":"onInputChange","decl":{"start":{"line":37,"column":13},"end":{"line":37,"column":26}},"loc":{"start":{"line":37,"column":54},"end":{"line":52,"column":5}}}},"branchMap":{"0":{"loc":{"start":{"line":5,"column":4},"end":{"line":5,"column":11}},"type":"binary-expr","locations":[{"start":{"line":5,"column":4},"end":{"line":5,"column":11}},{"start":{"line":5,"column":11},"end":{"line":5,"column":null}}]},"1":{"loc":{"start":{"line":39,"column":6},"end":{"line":39,"column":55}},"type":"if","locations":[{"start":{"line":39,"column":6},"end":{"line":39,"column":55}},{"start":{"line":39,"column":6},"end":{"line":39,"column":55}}]},"2":{"loc":{"start":{"line":43,"column":6},"end":{"line":51,"column":null}},"type":"if","locations":[{"start":{"line":43,"column":6},"end":{"line":51,"column":null}},{"start":{"line":43,"column":6},"end":{"line":51,"column":null}}]},"3":{"loc":{"start":{"line":45,"column":8},"end":{"line":45,"column":41}},"type":"if","locations":[{"start":{"line":45,"column":8},"end":{"line":45,"column":41}},{"start":{"line":45,"column":8},"end":{"line":45,"column":41}}]},"4":{"loc":{"start":{"line":47,"column":13},"end":{"line":51,"column":null}},"type":"if","locations":[{"start":{"line":47,"column":13},"end":{"line":51,"column":null}},{"start":{"line":47,"column":13},"end":{"line":51,"column":null}}]}},"s":{"0":1,"1":1,"2":1,"3":1,"4":1,"5":1,"6":1,"7":1,"8":1,"9":2,"10":2,"11":2,"12":2,"13":0,"14":0,"15":0,"16":0,"17":0,"18":0,"19":0,"20":0,"21":0,"22":0,"23":0,"24":0,"25":0,"26":0,"27":0,"28":0,"29":0,"30":0,"31":2,"32":2,"33":1},"f":{"0":1,"1":1,"2":2,"3":0,"4":0,"5":0},"b":{"0":[1,1],"1":[0,0],"2":[0,0],"3":[0,0],"4":[0,0]}}
,"C:\\Users\\outfl\\Desktop\\slider\\src\\ts\\slider\\View\\RangeLineView.ts": {"path":"C:\\Users\\outfl\\Desktop\\slider\\src\\ts\\slider\\View\\RangeLineView.ts","statementMap":{"0":{"start":{"line":1,"column":0},"end":{"line":1,"column":null}},"1":{"start":{"line":3,"column":4},"end":{"line":3,"column":66}},"2":{"start":{"line":4,"column":4},"end":{"line":4,"column":28}},"3":{"start":{"line":5,"column":4},"end":{"line":5,"column":24}},"4":{"start":{"line":12,"column":2},"end":{"line":14,"column":null}},"5":{"start":{"line":13,"column":4},"end":{"line":13,"column":41}},"6":{"start":{"line":16,"column":2},"end":{"line":18,"column":null}},"7":{"start":{"line":17,"column":4},"end":{"line":17,"column":29}},"8":{"start":{"line":20,"column":2},"end":{"line":23,"column":null}},"9":{"start":{"line":21,"column":17},"end":{"line":21,"column":60}},"10":{"start":{"line":22,"column":4},"end":{"line":22,"column":16}},"11":{"start":{"line":25,"column":2},"end":{"line":34,"column":null}},"12":{"start":{"line":29,"column":18},"end":{"line":29,"column":50}},"13":{"start":{"line":30,"column":4},"end":{"line":33,"column":7}},"14":{"start":{"line":36,"column":2},"end":{"line":48,"column":null}},"15":{"start":{"line":42,"column":27},"end":{"line":42,"column":46}},"16":{"start":{"line":44,"column":4},"end":{"line":47,"column":7}},"17":{"start":{"line":49,"column":0},"end":{"line":49,"column":null}}},"fnMap":{"0":{"name":"(anonymous_0)","decl":{"start":{"line":1,"column":0},"end":{"line":1,"column":null}},"loc":{"start":{"line":1,"column":0},"end":{"line":49,"column":null}}},"1":{"name":"RangeLineView","decl":{"start":{"line":2,"column":2},"end":{"line":2,"column":14}},"loc":{"start":{"line":2,"column":32},"end":{"line":6,"column":3}}},"2":{"name":"(anonymous_2)","decl":{"start":{"line":12,"column":2},"end":{"line":12,"column":14}},"loc":{"start":{"line":12,"column":2},"end":{"line":14,"column":3}}},"3":{"name":"(anonymous_3)","decl":{"start":{"line":16,"column":2},"end":{"line":16,"column":15}},"loc":{"start":{"line":16,"column":2},"end":{"line":18,"column":3}}},"4":{"name":"(anonymous_4)","decl":{"start":{"line":20,"column":2},"end":{"line":20,"column":9}},"loc":{"start":{"line":20,"column":2},"end":{"line":23,"column":3}}},"5":{"name":"(anonymous_5)","decl":{"start":{"line":25,"column":2},"end":{"line":25,"column":16}},"loc":{"start":{"line":27,"column":38},"end":{"line":34,"column":3}}},"6":{"name":"(anonymous_6)","decl":{"start":{"line":36,"column":2},"end":{"line":36,"column":28}},"loc":{"start":{"line":40,"column":40},"end":{"line":48,"column":3}}}},"branchMap":{"0":{"loc":{"start":{"line":29,"column":18},"end":{"line":29,"column":45}},"type":"binary-expr","locations":[{"start":{"line":29,"column":18},"end":{"line":29,"column":45}},{"start":{"line":29,"column":49},"end":{"line":29,"column":50}}]}},"s":{"0":2,"1":5,"2":5,"3":5,"4":2,"5":5,"6":2,"7":1,"8":2,"9":2,"10":2,"11":2,"12":1,"13":1,"14":2,"15":1,"16":1,"17":2},"f":{"0":2,"1":5,"2":5,"3":1,"4":2,"5":1,"6":1},"b":{"0":[1,1]}}
,"C:\\Users\\outfl\\Desktop\\slider\\src\\ts\\slider\\View\\SliderView.ts": {"path":"C:\\Users\\outfl\\Desktop\\slider\\src\\ts\\slider\\View\\SliderView.ts","statementMap":{"0":{"start":{"line":1,"column":0},"end":{"line":1,"column":44}},"1":{"start":{"line":2,"column":0},"end":{"line":2,"column":36}},"2":{"start":{"line":3,"column":0},"end":{"line":3,"column":56}},"3":{"start":{"line":4,"column":0},"end":{"line":4,"column":46}},"4":{"start":{"line":6,"column":0},"end":{"line":6,"column":null}},"5":{"start":{"line":6,"column":40},"end":{"line":6,"column":52}},"6":{"start":{"line":8,"column":4},"end":{"line":8,"column":null}},"7":{"start":{"line":9,"column":4},"end":{"line":9,"column":22}},"8":{"start":{"line":10,"column":4},"end":{"line":10,"column":117}},"9":{"start":{"line":11,"column":4},"end":{"line":11,"column":58}},"10":{"start":{"line":12,"column":4},"end":{"line":12,"column":58}},"11":{"start":{"line":13,"column":4},"end":{"line":13,"column":62}},"12":{"start":{"line":14,"column":4},"end":{"line":14,"column":58}},"13":{"start":{"line":15,"column":4},"end":{"line":15,"column":92}},"14":{"start":{"line":16,"column":4},"end":{"line":16,"column":88}},"15":{"start":{"line":35,"column":2},"end":{"line":61,"column":null}},"16":{"start":{"line":35,"column":2},"end":{"line":35,"column":8}},"17":{"start":{"line":36,"column":4},"end":{"line":36,"column":38}},"18":{"start":{"line":37,"column":4},"end":{"line":37,"column":63}},"19":{"start":{"line":38,"column":4},"end":{"line":38,"column":43}},"20":{"start":{"line":39,"column":4},"end":{"line":39,"column":33}},"21":{"start":{"line":40,"column":4},"end":{"line":40,"column":41}},"22":{"start":{"line":41,"column":4},"end":{"line":41,"column":28}},"23":{"start":{"line":43,"column":24},"end":{"line":43,"column":56}},"24":{"start":{"line":44,"column":24},"end":{"line":44,"column":66}},"25":{"start":{"line":46,"column":4},"end":{"line":53,"column":7}},"26":{"start":{"line":47,"column":6},"end":{"line":52,"column":8}},"27":{"start":{"line":55,"column":4},"end":{"line":60,"column":7}},"28":{"start":{"line":56,"column":6},"end":{"line":59,"column":8}},"29":{"start":{"line":63,"column":2},"end":{"line":68,"column":null}},"30":{"start":{"line":63,"column":2},"end":{"line":63,"column":12}},"31":{"start":{"line":64,"column":24},"end":{"line":64,"column":56}},"32":{"start":{"line":65,"column":4},"end":{"line":67,"column":7}},"33":{"start":{"line":66,"column":6},"end":{"line":66,"column":39}},"34":{"start":{"line":70,"column":2},"end":{"line":86,"column":null}},"35":{"start":{"line":71,"column":24},"end":{"line":71,"column":56}},"36":{"start":{"line":72,"column":17},"end":{"line":72,"column":21}},"37":{"start":{"line":74,"column":14},"end":{"line":74,"column":22}},"38":{"start":{"line":75,"column":20},"end":{"line":75,"column":35}},"39":{"start":{"line":76,"column":30},"end":{"line":76,"column":82}},"40":{"start":{"line":76,"column":57},"end":{"line":76,"column":82}},"41":{"start":{"line":77,"column":6},"end":{"line":81,"column":9}},"42":{"start":{"line":78,"column":8},"end":{"line":80,"column":null}},"43":{"start":{"line":79,"column":10},"end":{"line":79,"column":58}},"44":{"start":{"line":82,"column":6},"end":{"line":82,"column":24}},"45":{"start":{"line":85,"column":4},"end":{"line":85,"column":48}},"46":{"start":{"line":88,"column":2},"end":{"line":112,"column":null}},"47":{"start":{"line":89,"column":4},"end":{"line":89,"column":54}},"48":{"start":{"line":89,"column":47},"end":{"line":89,"column":54}},"49":{"start":{"line":90,"column":18},"end":{"line":90,"column":33}},"50":{"start":{"line":91,"column":12},"end":{"line":91,"column":20}},"51":{"start":{"line":92,"column":23},"end":{"line":92,"column":66}},"52":{"start":{"line":93,"column":17},"end":{"line":93,"column":35}},"53":{"start":{"line":95,"column":4},"end":{"line":96,"column":36}},"54":{"start":{"line":95,"column":24},"end":{"line":95,"column":39}},"55":{"start":{"line":96,"column":9},"end":{"line":96,"column":36}},"56":{"start":{"line":96,"column":25},"end":{"line":96,"column":36}},"57":{"start":{"line":98,"column":23},"end":{"line":98,"column":38}},"58":{"start":{"line":99,"column":4},"end":{"line":107,"column":null}},"59":{"start":{"line":100,"column":26},"end":{"line":100,"column":58}},"60":{"start":{"line":101,"column":27},"end":{"line":102,"column":49}},"61":{"start":{"line":102,"column":24},"end":{"line":102,"column":49}},"62":{"start":{"line":103,"column":24},"end":{"line":103,"column":77}},"63":{"start":{"line":103,"column":52},"end":{"line":103,"column":77}},"64":{"start":{"line":104,"column":6},"end":{"line":106,"column":8}},"65":{"start":{"line":105,"column":42},"end":{"line":105,"column":78}},"66":{"start":{"line":109,"column":4},"end":{"line":109,"column":47}},"67":{"start":{"line":111,"column":4},"end":{"line":111,"column":44}},"68":{"start":{"line":114,"column":2},"end":{"line":118,"column":null}},"69":{"start":{"line":115,"column":24},"end":{"line":115,"column":56}},"70":{"start":{"line":116,"column":22},"end":{"line":116,"column":88}},"71":{"start":{"line":116,"column":52},"end":{"line":116,"column":85}},"72":{"start":{"line":117,"column":4},"end":{"line":117,"column":21}},"73":{"start":{"line":120,"column":2},"end":{"line":124,"column":null}},"74":{"start":{"line":121,"column":24},"end":{"line":121,"column":66}},"75":{"start":{"line":122,"column":22},"end":{"line":122,"column":88}},"76":{"start":{"line":122,"column":52},"end":{"line":122,"column":85}},"77":{"start":{"line":123,"column":4},"end":{"line":123,"column":21}},"78":{"start":{"line":126,"column":2},"end":{"line":152,"column":null}},"79":{"start":{"line":127,"column":24},"end":{"line":127,"column":56}},"80":{"start":{"line":128,"column":19},"end":{"line":128,"column":45}},"81":{"start":{"line":129,"column":24},"end":{"line":129,"column":74}},"82":{"start":{"line":129,"column":51},"end":{"line":129,"column":74}},"83":{"start":{"line":131,"column":29},"end":{"line":131,"column":58}},"84":{"start":{"line":132,"column":4},"end":{"line":132,"column":61}},"85":{"start":{"line":134,"column":19},"end":{"line":134,"column":45}},"86":{"start":{"line":135,"column":18},"end":{"line":135,"column":33}},"87":{"start":{"line":137,"column":4},"end":{"line":141,"column":7}},"88":{"start":{"line":138,"column":6},"end":{"line":140,"column":null}},"89":{"start":{"line":139,"column":8},"end":{"line":139,"column":35}},"90":{"start":{"line":143,"column":4},"end":{"line":146,"column":7}},"91":{"start":{"line":144,"column":6},"end":{"line":144,"column":35}},"92":{"start":{"line":145,"column":6},"end":{"line":145,"column":52}},"93":{"start":{"line":148,"column":4},"end":{"line":148,"column":51}},"94":{"start":{"line":149,"column":4},"end":{"line":149,"column":47}},"95":{"start":{"line":149,"column":24},"end":{"line":149,"column":47}},"96":{"start":{"line":151,"column":4},"end":{"line":151,"column":22}},"97":{"start":{"line":154,"column":2},"end":{"line":169,"column":null}},"98":{"start":{"line":155,"column":30},"end":{"line":155,"column":44}},"99":{"start":{"line":156,"column":4},"end":{"line":168,"column":null}},"100":{"start":{"line":157,"column":6},"end":{"line":167,"column":null}},"101":{"start":{"line":158,"column":8},"end":{"line":158,"column":37}},"102":{"start":{"line":159,"column":8},"end":{"line":159,"column":39}},"103":{"start":{"line":160,"column":8},"end":{"line":160,"column":42}},"104":{"start":{"line":161,"column":8},"end":{"line":161,"column":87}},"105":{"start":{"line":162,"column":8},"end":{"line":162,"column":31}},"106":{"start":{"line":164,"column":8},"end":{"line":164,"column":38}},"107":{"start":{"line":165,"column":8},"end":{"line":165,"column":43}},"108":{"start":{"line":166,"column":8},"end":{"line":166,"column":40}},"109":{"start":{"line":171,"column":2},"end":{"line":173,"column":null}},"110":{"start":{"line":172,"column":4},"end":{"line":172,"column":64}},"111":{"start":{"line":175,"column":2},"end":{"line":188,"column":null}},"112":{"start":{"line":176,"column":34},"end":{"line":177,"column":39}},"113":{"start":{"line":179,"column":4},"end":{"line":187,"column":null}},"114":{"start":{"line":180,"column":6},"end":{"line":186,"column":null}},"115":{"start":{"line":181,"column":8},"end":{"line":181,"column":36}},"116":{"start":{"line":182,"column":8},"end":{"line":182,"column":34}},"117":{"start":{"line":184,"column":8},"end":{"line":184,"column":36}},"118":{"start":{"line":185,"column":8},"end":{"line":185,"column":34}},"119":{"start":{"line":190,"column":2},"end":{"line":209,"column":null}},"120":{"start":{"line":191,"column":4},"end":{"line":191,"column":30}},"121":{"start":{"line":191,"column":23},"end":{"line":191,"column":30}},"122":{"start":{"line":192,"column":12},"end":{"line":192,"column":20}},"123":{"start":{"line":193,"column":16},"end":{"line":193,"column":46}},"124":{"start":{"line":194,"column":20},"end":{"line":194,"column":54}},"125":{"start":{"line":195,"column":18},"end":{"line":195,"column":50}},"126":{"start":{"line":197,"column":4},"end":{"line":201,"column":null}},"127":{"start":{"line":198,"column":19},"end":{"line":198,"column":28}},"128":{"start":{"line":199,"column":6},"end":{"line":199,"column":26}},"129":{"start":{"line":200,"column":6},"end":{"line":200,"column":21}},"130":{"start":{"line":203,"column":4},"end":{"line":208,"column":6}},"131":{"start":{"line":211,"column":2},"end":{"line":228,"column":null}},"132":{"start":{"line":214,"column":4},"end":{"line":220,"column":null}},"133":{"start":{"line":215,"column":6},"end":{"line":215,"column":29}},"134":{"start":{"line":216,"column":6},"end":{"line":216,"column":24}},"135":{"start":{"line":218,"column":6},"end":{"line":218,"column":29}},"136":{"start":{"line":219,"column":6},"end":{"line":219,"column":23}},"137":{"start":{"line":222,"column":20},"end":{"line":225,"column":6}},"138":{"start":{"line":227,"column":4},"end":{"line":227,"column":19}},"139":{"start":{"line":230,"column":2},"end":{"line":239,"column":null}},"140":{"start":{"line":231,"column":12},"end":{"line":231,"column":20}},"141":{"start":{"line":232,"column":17},"end":{"line":232,"column":67}},"142":{"start":{"line":233,"column":28},"end":{"line":233,"column":53}},"143":{"start":{"line":234,"column":26},"end":{"line":235,"column":64}},"144":{"start":{"line":236,"column":23},"end":{"line":236,"column":95}},"145":{"start":{"line":238,"column":4},"end":{"line":238,"column":22}},"146":{"start":{"line":240,"column":0},"end":{"line":240,"column":null}}},"fnMap":{"0":{"name":"(anonymous_7)","decl":{"start":{"line":6,"column":0},"end":{"line":6,"column":40}},"loc":{"start":{"line":6,"column":0},"end":{"line":240,"column":null}}},"1":{"name":"SliderView","decl":{"start":{"line":7,"column":2},"end":{"line":7,"column":14}},"loc":{"start":{"line":7,"column":26},"end":{"line":17,"column":3}}},"2":{"name":"(anonymous_9)","decl":{"start":{"line":35,"column":2},"end":{"line":35,"column":8}},"loc":{"start":{"line":35,"column":22},"end":{"line":61,"column":3}}},"3":{"name":"(anonymous_10)","decl":{"start":{"line":46,"column":24},"end":{"line":46,"column":25}},"loc":{"start":{"line":46,"column":30},"end":{"line":53,"column":5}}},"4":{"name":"(anonymous_11)","decl":{"start":{"line":55,"column":24},"end":{"line":55,"column":25}},"loc":{"start":{"line":55,"column":30},"end":{"line":60,"column":5}}},"5":{"name":"(anonymous_12)","decl":{"start":{"line":63,"column":2},"end":{"line":63,"column":12}},"loc":{"start":{"line":63,"column":2},"end":{"line":68,"column":3}}},"6":{"name":"(anonymous_13)","decl":{"start":{"line":65,"column":24},"end":{"line":65,"column":25}},"loc":{"start":{"line":65,"column":30},"end":{"line":67,"column":5}}},"7":{"name":"(anonymous_14)","decl":{"start":{"line":70,"column":2},"end":{"line":70,"column":18}},"loc":{"start":{"line":70,"column":2},"end":{"line":86,"column":3}}},"8":{"name":"onWindowResize","decl":{"start":{"line":73,"column":13},"end":{"line":73,"column":27}},"loc":{"start":{"line":73,"column":27},"end":{"line":83,"column":5}}},"9":{"name":"(anonymous_16)","decl":{"start":{"line":76,"column":46},"end":{"line":76,"column":47}},"loc":{"start":{"line":76,"column":52},"end":{"line":76,"column":62}}},"10":{"name":"(anonymous_17)","decl":{"start":{"line":77,"column":30},"end":{"line":77,"column":31}},"loc":{"start":{"line":77,"column":51},"end":{"line":81,"column":7}}},"11":{"name":"(anonymous_18)","decl":{"start":{"line":88,"column":2},"end":{"line":88,"column":20}},"loc":{"start":{"line":88,"column":46},"end":{"line":112,"column":3}}},"12":{"name":"(anonymous_19)","decl":{"start":{"line":102,"column":13},"end":{"line":102,"column":14}},"loc":{"start":{"line":102,"column":19},"end":{"line":102,"column":29}}},"13":{"name":"(anonymous_20)","decl":{"start":{"line":103,"column":41},"end":{"line":103,"column":42}},"loc":{"start":{"line":103,"column":47},"end":{"line":103,"column":56}}},"14":{"name":"(anonymous_21)","decl":{"start":{"line":105,"column":28},"end":{"line":105,"column":29}},"loc":{"start":{"line":105,"column":37},"end":{"line":105,"column":50}}},"15":{"name":"(anonymous_22)","decl":{"start":{"line":114,"column":2},"end":{"line":114,"column":20}},"loc":{"start":{"line":114,"column":40},"end":{"line":118,"column":3}}},"16":{"name":"(anonymous_23)","decl":{"start":{"line":116,"column":41},"end":{"line":116,"column":42}},"loc":{"start":{"line":116,"column":47},"end":{"line":116,"column":57}}},"17":{"name":"(anonymous_24)","decl":{"start":{"line":120,"column":2},"end":{"line":120,"column":20}},"loc":{"start":{"line":120,"column":40},"end":{"line":124,"column":3}}},"18":{"name":"(anonymous_25)","decl":{"start":{"line":122,"column":41},"end":{"line":122,"column":42}},"loc":{"start":{"line":122,"column":47},"end":{"line":122,"column":57}}},"19":{"name":"(anonymous_26)","decl":{"start":{"line":126,"column":2},"end":{"line":126,"column":16}},"loc":{"start":{"line":126,"column":56},"end":{"line":152,"column":3}}},"20":{"name":"(anonymous_27)","decl":{"start":{"line":129,"column":40},"end":{"line":129,"column":41}},"loc":{"start":{"line":129,"column":46},"end":{"line":129,"column":56}}},"21":{"name":"(anonymous_28)","decl":{"start":{"line":137,"column":24},"end":{"line":137,"column":25}},"loc":{"start":{"line":137,"column":37},"end":{"line":141,"column":5}}},"22":{"name":"(anonymous_29)","decl":{"start":{"line":143,"column":24},"end":{"line":143,"column":25}},"loc":{"start":{"line":143,"column":37},"end":{"line":146,"column":5}}},"23":{"name":"(anonymous_30)","decl":{"start":{"line":154,"column":2},"end":{"line":154,"column":10}},"loc":{"start":{"line":154,"column":40},"end":{"line":169,"column":3}}},"24":{"name":"(anonymous_31)","decl":{"start":{"line":171,"column":2},"end":{"line":171,"column":9}},"loc":{"start":{"line":171,"column":2},"end":{"line":173,"column":3}}},"25":{"name":"(anonymous_32)","decl":{"start":{"line":175,"column":2},"end":{"line":175,"column":14}},"loc":{"start":{"line":175,"column":52},"end":{"line":188,"column":3}}},"26":{"name":"(anonymous_33)","decl":{"start":{"line":190,"column":2},"end":{"line":190,"column":17}},"loc":{"start":{"line":190,"column":2},"end":{"line":209,"column":3}}},"27":{"name":"(anonymous_34)","decl":{"start":{"line":211,"column":2},"end":{"line":211,"column":12}},"loc":{"start":{"line":211,"column":2},"end":{"line":228,"column":3}}},"28":{"name":"(anonymous_35)","decl":{"start":{"line":230,"column":2},"end":{"line":230,"column":10}},"loc":{"start":{"line":230,"column":2},"end":{"line":239,"column":3}}}},"branchMap":{"0":{"loc":{"start":{"line":8,"column":4},"end":{"line":8,"column":11}},"type":"binary-expr","locations":[{"start":{"line":8,"column":4},"end":{"line":8,"column":11}},{"start":{"line":8,"column":11},"end":{"line":8,"column":null}}]},"1":{"loc":{"start":{"line":78,"column":8},"end":{"line":80,"column":null}},"type":"if","locations":[{"start":{"line":78,"column":8},"end":{"line":80,"column":null}},{"start":{"line":78,"column":8},"end":{"line":80,"column":null}}]},"2":{"loc":{"start":{"line":89,"column":4},"end":{"line":89,"column":54}},"type":"if","locations":[{"start":{"line":89,"column":4},"end":{"line":89,"column":54}},{"start":{"line":89,"column":4},"end":{"line":89,"column":54}}]},"3":{"loc":{"start":{"line":92,"column":45},"end":{"line":92,"column":54}},"type":"cond-expr","locations":[{"start":{"line":92,"column":45},"end":{"line":92,"column":54}},{"start":{"line":92,"column":57},"end":{"line":92,"column":66}}]},"4":{"loc":{"start":{"line":95,"column":4},"end":{"line":96,"column":36}},"type":"if","locations":[{"start":{"line":95,"column":4},"end":{"line":96,"column":36}},{"start":{"line":95,"column":4},"end":{"line":96,"column":36}}]},"5":{"loc":{"start":{"line":96,"column":9},"end":{"line":96,"column":36}},"type":"if","locations":[{"start":{"line":96,"column":9},"end":{"line":96,"column":36}},{"start":{"line":96,"column":9},"end":{"line":96,"column":36}}]},"6":{"loc":{"start":{"line":99,"column":4},"end":{"line":107,"column":null}},"type":"if","locations":[{"start":{"line":99,"column":4},"end":{"line":107,"column":null}},{"start":{"line":99,"column":4},"end":{"line":107,"column":null}}]},"7":{"loc":{"start":{"line":138,"column":6},"end":{"line":140,"column":null}},"type":"if","locations":[{"start":{"line":138,"column":6},"end":{"line":140,"column":null}},{"start":{"line":138,"column":6},"end":{"line":140,"column":null}}]},"8":{"loc":{"start":{"line":149,"column":4},"end":{"line":149,"column":47}},"type":"if","locations":[{"start":{"line":149,"column":4},"end":{"line":149,"column":47}},{"start":{"line":149,"column":4},"end":{"line":149,"column":47}}]},"9":{"loc":{"start":{"line":156,"column":4},"end":{"line":168,"column":null}},"type":"if","locations":[{"start":{"line":156,"column":4},"end":{"line":168,"column":null}},{"start":{"line":156,"column":4},"end":{"line":168,"column":null}}]},"10":{"loc":{"start":{"line":157,"column":6},"end":{"line":167,"column":null}},"type":"if","locations":[{"start":{"line":157,"column":6},"end":{"line":167,"column":null}},{"start":{"line":157,"column":6},"end":{"line":167,"column":null}}]},"11":{"loc":{"start":{"line":172,"column":11},"end":{"line":172,"column":34}},"type":"binary-expr","locations":[{"start":{"line":172,"column":11},"end":{"line":172,"column":34}},{"start":{"line":172,"column":38},"end":{"line":172,"column":63}}]},"12":{"loc":{"start":{"line":176,"column":34},"end":{"line":176,"column":64}},"type":"binary-expr","locations":[{"start":{"line":176,"column":34},"end":{"line":176,"column":64}},{"start":{"line":177,"column":7},"end":{"line":177,"column":39}}]},"13":{"loc":{"start":{"line":179,"column":4},"end":{"line":187,"column":null}},"type":"if","locations":[{"start":{"line":179,"column":4},"end":{"line":187,"column":null}},{"start":{"line":179,"column":4},"end":{"line":187,"column":null}}]},"14":{"loc":{"start":{"line":180,"column":6},"end":{"line":186,"column":null}},"type":"if","locations":[{"start":{"line":180,"column":6},"end":{"line":186,"column":null}},{"start":{"line":180,"column":6},"end":{"line":186,"column":null}}]},"15":{"loc":{"start":{"line":191,"column":4},"end":{"line":191,"column":30}},"type":"if","locations":[{"start":{"line":191,"column":4},"end":{"line":191,"column":30}},{"start":{"line":191,"column":4},"end":{"line":191,"column":30}}]},"16":{"loc":{"start":{"line":197,"column":4},"end":{"line":201,"column":null}},"type":"if","locations":[{"start":{"line":197,"column":4},"end":{"line":201,"column":null}},{"start":{"line":197,"column":4},"end":{"line":201,"column":null}}]},"17":{"loc":{"start":{"line":214,"column":4},"end":{"line":220,"column":null}},"type":"if","locations":[{"start":{"line":214,"column":4},"end":{"line":220,"column":null}},{"start":{"line":214,"column":4},"end":{"line":220,"column":null}}]},"18":{"loc":{"start":{"line":232,"column":39},"end":{"line":232,"column":51}},"type":"cond-expr","locations":[{"start":{"line":232,"column":39},"end":{"line":232,"column":51}},{"start":{"line":232,"column":54},"end":{"line":232,"column":67}}]},"19":{"loc":{"start":{"line":233,"column":28},"end":{"line":233,"column":48}},"type":"binary-expr","locations":[{"start":{"line":233,"column":28},"end":{"line":233,"column":48}},{"start":{"line":233,"column":52},"end":{"line":233,"column":53}}]},"20":{"loc":{"start":{"line":234,"column":27},"end":{"line":234,"column":56}},"type":"binary-expr","locations":[{"start":{"line":234,"column":27},"end":{"line":234,"column":56}},{"start":{"line":234,"column":60},"end":{"line":234,"column":61}}]},"21":{"loc":{"start":{"line":235,"column":29},"end":{"line":235,"column":58}},"type":"binary-expr","locations":[{"start":{"line":235,"column":29},"end":{"line":235,"column":58}},{"start":{"line":235,"column":62},"end":{"line":235,"column":63}}]}},"s":{"0":1,"1":1,"2":1,"3":1,"4":1,"5":1,"6":1,"7":1,"8":1,"9":1,"10":1,"11":1,"12":1,"13":1,"14":1,"15":1,"16":0,"17":0,"18":0,"19":0,"20":0,"21":0,"22":0,"23":0,"24":0,"25":0,"26":0,"27":0,"28":0,"29":1,"30":1,"31":1,"32":1,"33":2,"34":1,"35":0,"36":0,"37":0,"38":0,"39":0,"40":0,"41":0,"42":0,"43":0,"44":0,"45":0,"46":1,"47":0,"48":0,"49":0,"50":0,"51":0,"52":0,"53":0,"54":0,"55":0,"56":0,"57":0,"58":0,"59":0,"60":0,"61":0,"62":0,"63":0,"64":0,"65":0,"66":0,"67":0,"68":1,"69":0,"70":0,"71":0,"72":0,"73":1,"74":0,"75":0,"76":0,"77":0,"78":1,"79":0,"80":0,"81":0,"82":0,"83":0,"84":0,"85":0,"86":0,"87":0,"88":0,"89":0,"90":0,"91":0,"92":0,"93":0,"94":0,"95":0,"96":0,"97":1,"98":0,"99":0,"100":0,"101":0,"102":0,"103":0,"104":0,"105":0,"106":0,"107":0,"108":0,"109":1,"110":0,"111":1,"112":0,"113":0,"114":0,"115":0,"116":0,"117":0,"118":0,"119":1,"120":0,"121":0,"122":0,"123":0,"124":0,"125":0,"126":0,"127":0,"128":0,"129":0,"130":0,"131":1,"132":0,"133":0,"134":0,"135":0,"136":0,"137":0,"138":0,"139":1,"140":0,"141":0,"142":0,"143":0,"144":0,"145":0,"146":1},"f":{"0":1,"1":1,"2":0,"3":0,"4":0,"5":1,"6":2,"7":0,"8":0,"9":0,"10":0,"11":0,"12":0,"13":0,"14":0,"15":0,"16":0,"17":0,"18":0,"19":0,"20":0,"21":0,"22":0,"23":0,"24":0,"25":0,"26":0,"27":0,"28":0},"b":{"0":[1,1],"1":[0,0],"2":[0,0],"3":[0,0],"4":[0,0],"5":[0,0],"6":[0,0],"7":[0,0],"8":[0,0],"9":[0,0],"10":[0,0],"11":[0,0],"12":[0,0],"13":[0,0],"14":[0,0],"15":[0,0],"16":[0,0],"17":[0,0],"18":[0,0],"19":[0,0],"20":[0,0],"21":[0,0]}}
,"C:\\Users\\outfl\\Desktop\\slider\\src\\ts\\slider\\View\\ThumbView.ts": {"path":"C:\\Users\\outfl\\Desktop\\slider\\src\\ts\\slider\\View\\ThumbView.ts","statementMap":{"0":{"start":{"line":1,"column":0},"end":{"line":1,"column":null}},"1":{"start":{"line":3,"column":4},"end":{"line":3,"column":30}},"2":{"start":{"line":4,"column":4},"end":{"line":4,"column":123}},"3":{"start":{"line":5,"column":4},"end":{"line":5,"column":28}},"4":{"start":{"line":6,"column":4},"end":{"line":6,"column":24}},"5":{"start":{"line":15,"column":2},"end":{"line":17,"column":null}},"6":{"start":{"line":16,"column":4},"end":{"line":16,"column":37}},"7":{"start":{"line":19,"column":2},"end":{"line":22,"column":null}},"8":{"start":{"line":20,"column":17},"end":{"line":20,"column":56}},"9":{"start":{"line":21,"column":4},"end":{"line":21,"column":16}},"10":{"start":{"line":24,"column":2},"end":{"line":26,"column":null}},"11":{"start":{"line":25,"column":4},"end":{"line":25,"column":25}},"12":{"start":{"line":28,"column":2},"end":{"line":30,"column":null}},"13":{"start":{"line":29,"column":4},"end":{"line":29,"column":51}},"14":{"start":{"line":32,"column":2},"end":{"line":34,"column":null}},"15":{"start":{"line":33,"column":4},"end":{"line":33,"column":37}},"16":{"start":{"line":36,"column":2},"end":{"line":38,"column":null}},"17":{"start":{"line":37,"column":4},"end":{"line":37,"column":56}},"18":{"start":{"line":40,"column":2},"end":{"line":42,"column":null}},"19":{"start":{"line":41,"column":4},"end":{"line":41,"column":26}},"20":{"start":{"line":44,"column":2},"end":{"line":47,"column":null}},"21":{"start":{"line":45,"column":23},"end":{"line":45,"column":57}},"22":{"start":{"line":46,"column":4},"end":{"line":46,"column":35}},"23":{"start":{"line":49,"column":2},"end":{"line":52,"column":null}},"24":{"start":{"line":50,"column":23},"end":{"line":50,"column":57}},"25":{"start":{"line":51,"column":4},"end":{"line":51,"column":35}},"26":{"start":{"line":54,"column":2},"end":{"line":57,"column":null}},"27":{"start":{"line":55,"column":23},"end":{"line":55,"column":57}},"28":{"start":{"line":56,"column":4},"end":{"line":56,"column":48}},"29":{"start":{"line":59,"column":2},"end":{"line":62,"column":null}},"30":{"start":{"line":60,"column":18},"end":{"line":60,"column":47}},"31":{"start":{"line":61,"column":4},"end":{"line":61,"column":17}},"32":{"start":{"line":64,"column":2},"end":{"line":105,"column":null}},"33":{"start":{"line":70,"column":18},"end":{"line":70,"column":29}},"34":{"start":{"line":71,"column":17},"end":{"line":71,"column":21}},"35":{"start":{"line":74,"column":28},"end":{"line":74,"column":46}},"36":{"start":{"line":75,"column":21},"end":{"line":75,"column":55}},"37":{"start":{"line":76,"column":38},"end":{"line":76,"column":58}},"38":{"start":{"line":77,"column":23},"end":{"line":77,"column":48}},"39":{"start":{"line":79,"column":6},"end":{"line":79,"column":39}},"40":{"start":{"line":82,"column":22},"end":{"line":82,"column":60}},"41":{"start":{"line":83,"column":23},"end":{"line":83,"column":77}},"42":{"start":{"line":84,"column":8},"end":{"line":84,"column":47}},"43":{"start":{"line":86,"column":8},"end":{"line":87,"column":44}},"44":{"start":{"line":86,"column":30},"end":{"line":86,"column":47}},"45":{"start":{"line":87,"column":13},"end":{"line":87,"column":44}},"46":{"start":{"line":87,"column":31},"end":{"line":87,"column":44}},"47":{"start":{"line":88,"column":8},"end":{"line":88,"column":45}},"48":{"start":{"line":89,"column":8},"end":{"line":89,"column":53}},"49":{"start":{"line":92,"column":32},"end":{"line":92,"column":54}},"50":{"start":{"line":95,"column":8},"end":{"line":95,"column":37}},"51":{"start":{"line":96,"column":8},"end":{"line":96,"column":59}},"52":{"start":{"line":97,"column":8},"end":{"line":97,"column":49}},"53":{"start":{"line":100,"column":6},"end":{"line":100,"column":47}},"54":{"start":{"line":101,"column":6},"end":{"line":101,"column":37}},"55":{"start":{"line":103,"column":35},"end":{"line":103,"column":62}},"56":{"start":{"line":104,"column":4},"end":{"line":104,"column":44}},"57":{"start":{"line":106,"column":0},"end":{"line":106,"column":null}}},"fnMap":{"0":{"name":"(anonymous_0)","decl":{"start":{"line":1,"column":0},"end":{"line":1,"column":null}},"loc":{"start":{"line":1,"column":0},"end":{"line":106,"column":null}}},"1":{"name":"ThumbView","decl":{"start":{"line":2,"column":2},"end":{"line":2,"column":14}},"loc":{"start":{"line":2,"column":53},"end":{"line":7,"column":3}}},"2":{"name":"(anonymous_2)","decl":{"start":{"line":15,"column":2},"end":{"line":15,"column":14}},"loc":{"start":{"line":15,"column":2},"end":{"line":17,"column":3}}},"3":{"name":"(anonymous_3)","decl":{"start":{"line":19,"column":2},"end":{"line":19,"column":9}},"loc":{"start":{"line":19,"column":2},"end":{"line":22,"column":3}}},"4":{"name":"(anonymous_4)","decl":{"start":{"line":24,"column":2},"end":{"line":24,"column":15}},"loc":{"start":{"line":24,"column":2},"end":{"line":26,"column":3}}},"5":{"name":"(anonymous_5)","decl":{"start":{"line":28,"column":2},"end":{"line":28,"column":10}},"loc":{"start":{"line":28,"column":33},"end":{"line":30,"column":3}}},"6":{"name":"(anonymous_6)","decl":{"start":{"line":32,"column":2},"end":{"line":32,"column":13}},"loc":{"start":{"line":32,"column":65},"end":{"line":34,"column":3}}},"7":{"name":"(anonymous_7)","decl":{"start":{"line":36,"column":2},"end":{"line":36,"column":10}},"loc":{"start":{"line":36,"column":47},"end":{"line":38,"column":3}}},"8":{"name":"(anonymous_8)","decl":{"start":{"line":40,"column":2},"end":{"line":40,"column":13}},"loc":{"start":{"line":40,"column":2},"end":{"line":42,"column":3}}},"9":{"name":"(anonymous_9)","decl":{"start":{"line":44,"column":2},"end":{"line":44,"column":11}},"loc":{"start":{"line":44,"column":2},"end":{"line":47,"column":3}}},"10":{"name":"(anonymous_10)","decl":{"start":{"line":49,"column":2},"end":{"line":49,"column":11}},"loc":{"start":{"line":49,"column":2},"end":{"line":52,"column":3}}},"11":{"name":"(anonymous_11)","decl":{"start":{"line":54,"column":2},"end":{"line":54,"column":16}},"loc":{"start":{"line":54,"column":2},"end":{"line":57,"column":3}}},"12":{"name":"(anonymous_12)","decl":{"start":{"line":59,"column":2},"end":{"line":59,"column":10}},"loc":{"start":{"line":59,"column":2},"end":{"line":62,"column":3}}},"13":{"name":"(anonymous_13)","decl":{"start":{"line":64,"column":2},"end":{"line":64,"column":21}},"loc":{"start":{"line":68,"column":30},"end":{"line":105,"column":3}}},"14":{"name":"onThumbMouseDown","decl":{"start":{"line":73,"column":13},"end":{"line":73,"column":29}},"loc":{"start":{"line":73,"column":58},"end":{"line":102,"column":5}}},"15":{"name":"onMouseMove","decl":{"start":{"line":81,"column":15},"end":{"line":81,"column":26}},"loc":{"start":{"line":81,"column":55},"end":{"line":90,"column":7}}},"16":{"name":"onMouseUp","decl":{"start":{"line":94,"column":15},"end":{"line":94,"column":24}},"loc":{"start":{"line":94,"column":24},"end":{"line":98,"column":7}}}},"branchMap":{"0":{"loc":{"start":{"line":60,"column":18},"end":{"line":60,"column":42}},"type":"binary-expr","locations":[{"start":{"line":60,"column":18},"end":{"line":60,"column":42}},{"start":{"line":60,"column":46},"end":{"line":60,"column":47}}]},"1":{"loc":{"start":{"line":86,"column":8},"end":{"line":87,"column":44}},"type":"if","locations":[{"start":{"line":86,"column":8},"end":{"line":87,"column":44}},{"start":{"line":86,"column":8},"end":{"line":87,"column":44}}]},"2":{"loc":{"start":{"line":87,"column":13},"end":{"line":87,"column":44}},"type":"if","locations":[{"start":{"line":87,"column":13},"end":{"line":87,"column":44}},{"start":{"line":87,"column":13},"end":{"line":87,"column":44}}]}},"s":{"0":2,"1":9,"2":9,"3":9,"4":9,"5":2,"6":10,"7":2,"8":2,"9":2,"10":2,"11":1,"12":2,"13":1,"14":2,"15":1,"16":2,"17":1,"18":2,"19":1,"20":2,"21":1,"22":1,"23":2,"24":1,"25":1,"26":2,"27":1,"28":1,"29":2,"30":1,"31":1,"32":2,"33":0,"34":0,"35":0,"36":0,"37":0,"38":0,"39":0,"40":0,"41":0,"42":0,"43":0,"44":0,"45":0,"46":0,"47":0,"48":0,"49":0,"50":0,"51":0,"52":0,"53":0,"54":0,"55":0,"56":0,"57":2},"f":{"0":2,"1":9,"2":10,"3":2,"4":1,"5":1,"6":1,"7":1,"8":1,"9":1,"10":1,"11":1,"12":1,"13":0,"14":0,"15":0,"16":0},"b":{"0":[1,0],"1":[0,0],"2":[0,0]}}
,"C:\\Users\\outfl\\Desktop\\slider\\src\\ts\\slider\\View\\ValueInputView.ts": {"path":"C:\\Users\\outfl\\Desktop\\slider\\src\\ts\\slider\\View\\ValueInputView.ts","statementMap":{"0":{"start":{"line":1,"column":0},"end":{"line":1,"column":null}},"1":{"start":{"line":3,"column":4},"end":{"line":3,"column":109}},"2":{"start":{"line":4,"column":4},"end":{"line":4,"column":30}},"3":{"start":{"line":5,"column":4},"end":{"line":5,"column":28}},"4":{"start":{"line":6,"column":4},"end":{"line":6,"column":24}},"5":{"start":{"line":15,"column":2},"end":{"line":17,"column":null}},"6":{"start":{"line":16,"column":4},"end":{"line":16,"column":42}},"7":{"start":{"line":19,"column":2},"end":{"line":21,"column":null}},"8":{"start":{"line":20,"column":4},"end":{"line":20,"column":30}},"9":{"start":{"line":23,"column":2},"end":{"line":25,"column":null}},"10":{"start":{"line":24,"column":4},"end":{"line":24,"column":32}},"11":{"start":{"line":27,"column":2},"end":{"line":34,"column":null}},"12":{"start":{"line":28,"column":18},"end":{"line":28,"column":37}},"13":{"start":{"line":29,"column":16},"end":{"line":29,"column":18}},"14":{"start":{"line":30,"column":4},"end":{"line":32,"column":null}},"15":{"start":{"line":31,"column":6},"end":{"line":31,"column":26}},"16":{"start":{"line":33,"column":4},"end":{"line":33,"column":17}},"17":{"start":{"line":36,"column":2},"end":{"line":38,"column":null}},"18":{"start":{"line":37,"column":4},"end":{"line":37,"column":26}},"19":{"start":{"line":40,"column":2},"end":{"line":52,"column":null}},"20":{"start":{"line":44,"column":18},"end":{"line":44,"column":34}},"21":{"start":{"line":45,"column":17},"end":{"line":45,"column":21}},"22":{"start":{"line":48,"column":6},"end":{"line":48,"column":43}},"23":{"start":{"line":51,"column":4},"end":{"line":51,"column":48}},"24":{"start":{"line":53,"column":0},"end":{"line":53,"column":null}}},"fnMap":{"0":{"name":"(anonymous_0)","decl":{"start":{"line":1,"column":0},"end":{"line":1,"column":null}},"loc":{"start":{"line":1,"column":0},"end":{"line":53,"column":null}}},"1":{"name":"ValueInputView","decl":{"start":{"line":2,"column":2},"end":{"line":2,"column":14}},"loc":{"start":{"line":2,"column":53},"end":{"line":7,"column":3}}},"2":{"name":"(anonymous_2)","decl":{"start":{"line":15,"column":2},"end":{"line":15,"column":14}},"loc":{"start":{"line":15,"column":2},"end":{"line":17,"column":3}}},"3":{"name":"(anonymous_3)","decl":{"start":{"line":19,"column":2},"end":{"line":19,"column":15}},"loc":{"start":{"line":19,"column":2},"end":{"line":21,"column":3}}},"4":{"name":"(anonymous_4)","decl":{"start":{"line":23,"column":2},"end":{"line":23,"column":10}},"loc":{"start":{"line":23,"column":33},"end":{"line":25,"column":3}}},"5":{"name":"(anonymous_5)","decl":{"start":{"line":27,"column":2},"end":{"line":27,"column":10}},"loc":{"start":{"line":27,"column":2},"end":{"line":34,"column":3}}},"6":{"name":"(anonymous_6)","decl":{"start":{"line":36,"column":2},"end":{"line":36,"column":13}},"loc":{"start":{"line":36,"column":2},"end":{"line":38,"column":3}}},"7":{"name":"(anonymous_7)","decl":{"start":{"line":40,"column":2},"end":{"line":40,"column":18}},"loc":{"start":{"line":42,"column":28},"end":{"line":52,"column":3}}},"8":{"name":"onValueInputChange","decl":{"start":{"line":47,"column":13},"end":{"line":47,"column":31}},"loc":{"start":{"line":47,"column":31},"end":{"line":49,"column":5}}}},"branchMap":{"0":{"loc":{"start":{"line":30,"column":4},"end":{"line":32,"column":null}},"type":"if","locations":[{"start":{"line":30,"column":4},"end":{"line":32,"column":null}},{"start":{"line":30,"column":4},"end":{"line":32,"column":null}}]}},"s":{"0":2,"1":5,"2":5,"3":5,"4":5,"5":2,"6":5,"7":2,"8":1,"9":2,"10":1,"11":2,"12":1,"13":1,"14":1,"15":1,"16":1,"17":2,"18":1,"19":2,"20":0,"21":0,"22":0,"23":0,"24":2},"f":{"0":2,"1":5,"2":5,"3":1,"4":1,"5":1,"6":1,"7":0,"8":0},"b":{"0":[1,0]}}
}
