TN:
SF:src\ts\slider\eventemitter.ts
FN:1,(anonymous_0)
FN:2,EventEmitter
FN:8,(anonymous_2)
FN:13,(anonymous_3)
FN:15,(anonymous_4)
FNF:5
FNH:5
FNDA:2,(anonymous_0)
FNDA:3,EventEmitter
FNDA:9,(anonymous_2)
FNDA:37,(anonymous_3)
FNDA:37,(anonymous_4)
DA:1,2
DA:3,3
DA:8,2
DA:9,9
DA:10,9
DA:13,2
DA:14,37
DA:15,37
DA:16,37
DA:19,2
LF:10
LH:10
BRDA:9,0,0,9
BRDA:9,0,1,0
BRF:2
BRH:1
end_of_record
TN:
SF:src\ts\slider\helpers.ts
FN:1,getModifier
FN:9,getSliderHTML
FN:26,getConfigPanelHTML
FNF:3
FNH:3
FNDA:36,getModifier
FNDA:1,getSliderHTML
FNDA:1,getConfigPanelHTML
DA:2,36
DA:3,36
DA:4,36
DA:6,0
DA:10,1
DA:27,1
DA:35,1
LF:7
LH:6
BRDA:3,0,0,36
BRDA:3,0,1,0
BRF:2
BRH:1
end_of_record
TN:
SF:src\ts\slider\model.ts
FN:1,(anonymous_0)
FN:2,Model
FN:20,(anonymous_2)
FN:49,(anonymous_3)
FN:53,(anonymous_4)
FN:57,(anonymous_5)
FN:61,(anonymous_6)
FN:65,(anonymous_7)
FN:69,(anonymous_8)
FN:74,(anonymous_9)
FN:79,(anonymous_10)
FNF:11
FNH:11
FNDA:2,(anonymous_0)
FNDA:8,Model
FNDA:27,(anonymous_2)
FNDA:43,(anonymous_3)
FNDA:47,(anonymous_4)
FNDA:20,(anonymous_5)
FNDA:3,(anonymous_6)
FNDA:42,(anonymous_7)
FNDA:3,(anonymous_8)
FNDA:3,(anonymous_9)
FNDA:3,(anonymous_10)
DA:1,2
DA:3,8
DA:8,8
DA:9,8
DA:20,2
DA:21,27
DA:22,3
DA:26,3
DA:28,24
DA:29,24
DA:31,24
DA:32,2
DA:33,2
DA:34,2
DA:37,24
DA:42,24
DA:49,2
DA:50,43
DA:53,2
DA:54,47
DA:57,2
DA:58,20
DA:61,2
DA:62,3
DA:65,2
DA:66,42
DA:69,2
DA:70,3
DA:71,2
DA:74,2
DA:75,3
DA:76,1
DA:79,2
DA:80,3
DA:81,1
DA:83,2
LF:36
LH:36
BRDA:21,0,0,3
BRDA:21,0,1,24
BRDA:31,1,0,2
BRDA:31,1,1,22
BRDA:70,2,0,1
BRDA:70,2,1,2
BRDA:75,3,0,2
BRDA:75,3,1,1
BRDA:80,4,0,2
BRDA:80,4,1,1
BRF:10
BRH:10
end_of_record
TN:
SF:src\ts\slider\presenter.ts
FN:3,(anonymous_0)
FN:4,Presenter
FN:20,(anonymous_2)
FN:27,(anonymous_3)
FN:32,(anonymous_4)
FN:37,(anonymous_5)
FN:42,(anonymous_6)
FN:62,(anonymous_7)
FN:70,(anonymous_8)
FN:89,(anonymous_9)
FN:102,(anonymous_10)
FN:104,(anonymous_11)
FN:125,(anonymous_12)
FN:136,(anonymous_13)
FNF:14
FNH:11
FNDA:1,(anonymous_0)
FNDA:1,Presenter
FNDA:1,(anonymous_2)
FNDA:1,(anonymous_3)
FNDA:1,(anonymous_4)
FNDA:1,(anonymous_5)
FNDA:17,(anonymous_6)
FNDA:3,(anonymous_7)
FNDA:36,(anonymous_8)
FNDA:0,(anonymous_9)
FNDA:0,(anonymous_10)
FNDA:0,(anonymous_11)
FNDA:2,(anonymous_12)
FNDA:38,(anonymous_13)
DA:1,1
DA:3,1
DA:5,1
DA:6,1
DA:7,1
DA:8,1
DA:9,1
DA:10,1
DA:11,1
DA:12,1
DA:13,1
DA:20,1
DA:21,1
DA:22,1
DA:23,1
DA:24,1
DA:27,1
DA:28,1
DA:29,1
DA:32,1
DA:33,1
DA:34,1
DA:37,1
DA:38,1
DA:39,1
DA:42,1
DA:43,17
DA:44,17
DA:45,17
DA:46,17
DA:47,14
DA:48,14
DA:49,14
DA:50,14
DA:52,3
DA:53,2
DA:54,1
DA:55,1
DA:56,1
DA:58,17
DA:59,17
DA:62,1
DA:64,3
DA:65,1
DA:66,3
DA:67,2
DA:70,1
DA:71,36
DA:73,36
DA:74,36
DA:78,36
DA:79,4
DA:81,32
DA:84,36
DA:85,36
DA:86,36
DA:89,1
DA:90,0
DA:92,0
DA:93,0
DA:94,0
DA:95,0
DA:97,0
DA:99,0
DA:101,0
DA:102,0
DA:103,0
DA:104,0
DA:105,0
DA:106,0
DA:108,0
DA:109,0
DA:112,0
DA:113,0
DA:114,0
DA:115,0
DA:118,0
DA:119,0
DA:120,0
DA:122,0
DA:125,1
DA:126,2
DA:127,2
DA:129,2
DA:130,2
DA:131,2
DA:133,2
DA:136,1
DA:137,38
DA:138,38
DA:139,38
DA:141,38
DA:142,38
DA:144,38
DA:145,37
DA:146,38
DA:148,1
LF:97
LH:74
BRDA:45,0,0,4
BRDA:45,0,1,13
BRDA:46,1,0,14
BRDA:46,1,1,3
BRDA:49,2,0,14
BRDA:49,2,1,0
BRDA:49,3,0,14
BRDA:49,3,1,14
BRDA:52,4,0,2
BRDA:52,4,1,1
BRDA:54,5,0,1
BRDA:54,5,1,0
BRDA:56,6,0,1
BRDA:56,6,1,0
BRDA:64,7,0,2
BRDA:64,7,1,1
BRDA:66,8,0,1
BRDA:66,8,1,2
BRDA:71,9,0,0
BRDA:71,9,1,36
BRDA:78,10,0,4
BRDA:78,10,1,32
BRDA:85,11,0,36
BRDA:85,11,1,0
BRDA:90,12,0,0
BRDA:90,12,1,0
BRDA:101,13,0,0
BRDA:101,13,1,0
BRDA:103,14,0,0
BRDA:103,14,1,0
BRDA:112,15,0,0
BRDA:112,15,1,0
BRDA:113,16,0,0
BRDA:113,16,1,0
BRDA:113,17,0,0
BRDA:113,17,1,0
BRDA:114,18,0,0
BRDA:114,18,1,0
BRDA:120,19,0,0
BRDA:120,19,1,0
BRDA:130,20,0,1
BRDA:130,20,1,1
BRDA:131,21,0,0
BRDA:131,21,1,2
BRDA:144,22,0,1
BRDA:144,22,1,37
BRDA:144,23,0,38
BRDA:144,23,1,38
BRDA:145,24,0,37
BRDA:145,24,1,0
BRF:50
BRH:27
end_of_record
TN:
SF:src\ts\slider\view.ts
FN:4,(anonymous_7)
FN:9,View
FN:18,(anonymous_9)
FN:30,(anonymous_10)
FN:39,(anonymous_11)
FN:47,(anonymous_12)
FN:62,(anonymous_13)
FN:71,(anonymous_14)
FN:76,(anonymous_15)
FN:96,(anonymous_16)
FN:114,(anonymous_17)
FN:118,(anonymous_18)
FN:142,(anonymous_19)
FN:148,(anonymous_20)
FN:152,(anonymous_21)
FN:157,onButtonClick
FN:164,onInputChange
FN:178,(anonymous_24)
FN:182,onInputChange
FN:209,(anonymous_26)
FN:213,onThumbMouseDown
FN:223,onMouseMove
FN:241,onMouseUp
FNF:23
FNH:14
FNDA:1,(anonymous_7)
FNDA:1,View
FNDA:18,(anonymous_9)
FNDA:36,(anonymous_10)
FNDA:1,(anonymous_11)
FNDA:2,(anonymous_12)
FNDA:14,(anonymous_13)
FNDA:12,(anonymous_14)
FNDA:0,(anonymous_15)
FNDA:19,(anonymous_16)
FNDA:0,(anonymous_17)
FNDA:0,(anonymous_18)
FNDA:36,(anonymous_19)
FNDA:36,(anonymous_20)
FNDA:1,(anonymous_21)
FNDA:0,onButtonClick
FNDA:0,onInputChange
FNDA:1,(anonymous_24)
FNDA:0,onInputChange
FNDA:1,(anonymous_26)
FNDA:0,onThumbMouseDown
FNDA:0,onMouseMove
FNDA:0,onMouseUp
DA:1,1
DA:2,1
DA:4,1
DA:10,1
DA:11,1
DA:12,1
DA:13,1
DA:14,1
DA:15,1
DA:18,18
DA:19,18
DA:20,18
DA:21,18
DA:22,18
DA:23,11
DA:25,18
DA:26,13
DA:28,18
DA:29,18
DA:30,18
DA:31,36
DA:35,36
DA:39,1
DA:40,1
DA:41,1
DA:42,1
DA:43,1
DA:44,1
DA:45,1
DA:47,1
DA:48,2
DA:49,2
DA:55,1
DA:56,1
DA:62,1
DA:63,14
DA:64,14
DA:65,14
DA:66,14
DA:67,14
DA:68,14
DA:71,1
DA:72,12
DA:73,12
DA:76,1
DA:77,0
DA:78,0
DA:80,0
DA:82,0
DA:83,0
DA:84,0
DA:85,0
DA:86,0
DA:87,0
DA:88,0
DA:89,0
DA:93,0
DA:96,1
DA:99,19
DA:100,16
DA:105,3
DA:111,19
DA:114,1
DA:115,0
DA:116,0
DA:117,0
DA:118,0
DA:120,0
DA:121,0
DA:122,0
DA:124,0
DA:125,0
DA:127,0
DA:129,0
DA:130,0
DA:135,0
DA:142,1
DA:143,36
DA:144,36
DA:148,1
DA:149,36
DA:152,1
DA:153,1
DA:154,1
DA:155,1
DA:158,0
DA:159,0
DA:160,0
DA:161,0
DA:165,0
DA:166,0
DA:168,0
DA:170,0
DA:171,0
DA:174,1
DA:175,1
DA:178,1
DA:179,1
DA:180,1
DA:183,0
DA:185,0
DA:187,0
DA:189,0
DA:190,0
DA:191,0
DA:192,0
DA:197,0
DA:202,0
DA:206,1
DA:209,1
DA:210,1
DA:211,1
DA:214,0
DA:215,0
DA:216,0
DA:217,0
DA:218,0
DA:220,0
DA:222,0
DA:224,0
DA:225,0
DA:226,0
DA:228,0
DA:229,0
DA:230,0
DA:231,0
DA:235,0
DA:236,0
DA:239,0
DA:242,0
DA:243,0
DA:244,0
DA:247,0
DA:248,0
DA:250,1
DA:251,1
DA:253,1
LF:137
LH:72
BRDA:10,0,0,1
BRDA:10,0,1,1
BRDA:22,1,0,11
BRDA:22,1,1,7
BRDA:25,2,0,13
BRDA:25,2,1,5
BRDA:45,3,0,0
BRDA:45,3,1,1
BRDA:82,4,0,0
BRDA:82,4,1,0
BRDA:82,5,0,0
BRDA:82,5,1,0
BRDA:87,6,0,0
BRDA:87,6,1,0
BRDA:87,7,0,0
BRDA:87,7,1,0
BRDA:87,7,2,0
BRDA:99,8,0,16
BRDA:99,8,1,3
BRDA:122,9,0,0
BRDA:122,9,1,0
BRDA:129,10,0,0
BRDA:129,10,1,0
BRDA:159,11,0,0
BRDA:159,11,1,0
BRDA:160,12,0,0
BRDA:160,12,1,0
BRDA:161,13,0,0
BRDA:161,13,1,0
BRDA:168,14,0,0
BRDA:168,14,1,0
BRDA:170,15,0,0
BRDA:170,15,1,0
BRDA:171,16,0,0
BRDA:171,16,1,0
BRDA:171,17,0,0
BRDA:171,17,1,0
BRDA:185,18,0,0
BRDA:185,18,1,0
BRDA:189,19,0,0
BRDA:189,19,1,0
BRDA:189,20,0,0
BRDA:189,20,1,0
BRDA:191,21,0,0
BRDA:191,21,1,0
BRDA:215,22,0,0
BRDA:215,22,1,0
BRDA:228,23,0,0
BRDA:228,23,1,0
BRDA:229,24,0,0
BRDA:229,24,1,0
BRF:51
BRH:9
end_of_record
