TN:
SF:src\ts\slider\eventemitter.ts
FN:1,(anonymous_0)
FN:2,EventEmitter
FN:8,(anonymous_2)
FN:13,(anonymous_3)
FN:15,(anonymous_4)
FNF:5
FNH:5
FNDA:2,(anonymous_0)
FNDA:8,EventEmitter
FNDA:2,(anonymous_2)
FNDA:1,(anonymous_3)
FNDA:1,(anonymous_4)
DA:1,2
DA:3,8
DA:8,2
DA:9,2
DA:10,2
DA:13,2
DA:14,1
DA:15,1
DA:16,1
DA:19,2
LF:10
LH:10
BRDA:9,0,0,2
BRDA:9,0,1,0
BRF:2
BRH:1
end_of_record
TN:
SF:src\ts\slider\model.ts
FN:3,(anonymous_7)
FN:4,Model
FN:18,(anonymous_9)
FN:22,(anonymous_10)
FN:26,(anonymous_11)
FN:31,(anonymous_12)
FN:36,(anonymous_13)
FNF:7
FNH:7
FNDA:1,(anonymous_7)
FNDA:6,Model
FNDA:1,(anonymous_9)
FNDA:1,(anonymous_10)
FNDA:2,(anonymous_11)
FNDA:2,(anonymous_12)
FNDA:2,(anonymous_13)
DA:1,1
DA:3,1
DA:5,6
DA:6,6
DA:11,6
DA:18,1
DA:19,1
DA:22,1
DA:23,1
DA:26,1
DA:27,2
DA:28,1
DA:31,1
DA:32,2
DA:33,1
DA:36,1
DA:37,2
DA:38,1
DA:40,1
LF:19
LH:19
BRDA:5,0,0,6
BRDA:5,0,1,6
BRDA:27,1,0,1
BRDA:27,1,1,1
BRDA:32,2,0,1
BRDA:32,2,1,1
BRDA:37,3,0,1
BRDA:37,3,1,1
BRF:8
BRH:8
end_of_record
